{"C:\\Users\\rezao\\Documents\\hacktiv8\\p2\\IP-REZA\\server\\app.js": {"path":"C:\\Users\\rezao\\Documents\\hacktiv8\\p2\\IP-REZA\\server\\app.js","statementMap":{"0":{"start":{"line":1,"column":0},"end":{"line":3,"column":1}},"1":{"start":{"line":2,"column":2},"end":{"line":2,"column":29}},"2":{"start":{"line":5,"column":16},"end":{"line":5,"column":34}},"3":{"start":{"line":6,"column":12},"end":{"line":6,"column":21}},"4":{"start":{"line":7,"column":13},"end":{"line":7,"column":28}},"5":{"start":{"line":8,"column":21},"end":{"line":8,"column":58}},"6":{"start":{"line":10,"column":0},"end":{"line":10,"column":48}},"7":{"start":{"line":11,"column":0},"end":{"line":11,"column":24}},"8":{"start":{"line":12,"column":0},"end":{"line":12,"column":16}},"9":{"start":{"line":14,"column":0},"end":{"line":14,"column":35}},"10":{"start":{"line":16,"column":0},"end":{"line":16,"column":22}},"11":{"start":{"line":18,"column":0},"end":{"line":18,"column":21}}},"fnMap":{},"branchMap":{"0":{"loc":{"start":{"line":1,"column":0},"end":{"line":3,"column":1}},"type":"if","locations":[{"start":{"line":1,"column":0},"end":{"line":3,"column":1}},{"start":{},"end":{}}],"line":1}},"s":{"0":6,"1":5,"2":6,"3":6,"4":6,"5":6,"6":6,"7":6,"8":6,"9":6,"10":6,"11":6},"f":{},"b":{"0":[5,1]},"_coverageSchema":"1a1c01bbd47fc00a2c39e90264f33305004495a9","hash":"fc74dc47679bfde465f7c4762ab4012fca8d8a2a"}
,"C:\\Users\\rezao\\Documents\\hacktiv8\\p2\\IP-REZA\\server\\controllers\\CourseController.js": {"path":"C:\\Users\\rezao\\Documents\\hacktiv8\\p2\\IP-REZA\\server\\controllers\\CourseController.js","statementMap":{"0":{"start":{"line":1,"column":35},"end":{"line":1,"column":55}},"1":{"start":{"line":2,"column":15},"end":{"line":2,"column":35}},"2":{"start":{"line":6,"column":4},"end":{"line":44,"column":5}},"3":{"start":{"line":7,"column":61},"end":{"line":7,"column":70}},"4":{"start":{"line":8,"column":26},"end":{"line":17,"column":7}},"5":{"start":{"line":19,"column":6},"end":{"line":21,"column":7}},"6":{"start":{"line":20,"column":8},"end":{"line":20,"column":64}},"7":{"start":{"line":23,"column":6},"end":{"line":27,"column":7}},"8":{"start":{"line":24,"column":22},"end":{"line":24,"column":54}},"9":{"start":{"line":25,"column":24},"end":{"line":25,"column":63}},"10":{"start":{"line":26,"column":8},"end":{"line":26,"column":47}},"11":{"start":{"line":29,"column":6},"end":{"line":31,"column":7}},"12":{"start":{"line":30,"column":8},"end":{"line":30,"column":46}},"13":{"start":{"line":33,"column":30},"end":{"line":33,"column":71}},"14":{"start":{"line":35,"column":6},"end":{"line":41,"column":9}},"15":{"start":{"line":43,"column":6},"end":{"line":43,"column":18}},"16":{"start":{"line":48,"column":4},"end":{"line":66,"column":5}},"17":{"start":{"line":49,"column":21},"end":{"line":49,"column":31}},"18":{"start":{"line":51,"column":21},"end":{"line":57,"column":8}},"19":{"start":{"line":59,"column":6},"end":{"line":61,"column":7}},"20":{"start":{"line":60,"column":8},"end":{"line":60,"column":64}},"21":{"start":{"line":63,"column":6},"end":{"line":63,"column":35}},"22":{"start":{"line":65,"column":6},"end":{"line":65,"column":18}},"23":{"start":{"line":70,"column":0},"end":{"line":70,"column":34}}},"fnMap":{"0":{"name":"(anonymous_0)","decl":{"start":{"line":5,"column":2},"end":{"line":5,"column":3}},"loc":{"start":{"line":5,"column":45},"end":{"line":45,"column":3}},"line":5},"1":{"name":"(anonymous_1)","decl":{"start":{"line":47,"column":2},"end":{"line":47,"column":3}},"loc":{"start":{"line":47,"column":45},"end":{"line":67,"column":3}},"line":47}},"branchMap":{"0":{"loc":{"start":{"line":7,"column":36},"end":{"line":7,"column":44}},"type":"default-arg","locations":[{"start":{"line":7,"column":43},"end":{"line":7,"column":44}}],"line":7},"1":{"loc":{"start":{"line":7,"column":46},"end":{"line":7,"column":56}},"type":"default-arg","locations":[{"start":{"line":7,"column":54},"end":{"line":7,"column":56}}],"line":7},"2":{"loc":{"start":{"line":19,"column":6},"end":{"line":21,"column":7}},"type":"if","locations":[{"start":{"line":19,"column":6},"end":{"line":21,"column":7}},{"start":{},"end":{}}],"line":19},"3":{"loc":{"start":{"line":23,"column":6},"end":{"line":27,"column":7}},"type":"if","locations":[{"start":{"line":23,"column":6},"end":{"line":27,"column":7}},{"start":{},"end":{}}],"line":23},"4":{"loc":{"start":{"line":24,"column":22},"end":{"line":24,"column":54}},"type":"cond-expr","locations":[{"start":{"line":24,"column":40},"end":{"line":24,"column":46}},{"start":{"line":24,"column":49},"end":{"line":24,"column":54}}],"line":24},"5":{"loc":{"start":{"line":25,"column":24},"end":{"line":25,"column":63}},"type":"cond-expr","locations":[{"start":{"line":25,"column":43},"end":{"line":25,"column":56}},{"start":{"line":25,"column":59},"end":{"line":25,"column":63}}],"line":25},"6":{"loc":{"start":{"line":29,"column":6},"end":{"line":31,"column":7}},"type":"if","locations":[{"start":{"line":29,"column":6},"end":{"line":31,"column":7}},{"start":{},"end":{}}],"line":29},"7":{"loc":{"start":{"line":59,"column":6},"end":{"line":61,"column":7}},"type":"if","locations":[{"start":{"line":59,"column":6},"end":{"line":61,"column":7}},{"start":{},"end":{}}],"line":59}},"s":{"0":6,"1":6,"2":6,"3":6,"4":6,"5":6,"6":1,"7":6,"8":2,"9":2,"10":2,"11":6,"12":1,"13":6,"14":6,"15":0,"16":2,"17":2,"18":2,"19":2,"20":1,"21":1,"22":1,"23":6},"f":{"0":6,"1":2},"b":{"0":[5],"1":[5],"2":[1,5],"3":[2,4],"4":[1,1],"5":[1,1],"6":[1,5],"7":[1,1]},"_coverageSchema":"1a1c01bbd47fc00a2c39e90264f33305004495a9","hash":"228c1a800456ac7620338c44bfdd6a81621574d7"}
,"C:\\Users\\rezao\\Documents\\hacktiv8\\p2\\IP-REZA\\server\\controllers\\GeminiController.js": {"path":"C:\\Users\\rezao\\Documents\\hacktiv8\\p2\\IP-REZA\\server\\controllers\\GeminiController.js","statementMap":{"0":{"start":{"line":1,"column":28},"end":{"line":1,"column":56}},"1":{"start":{"line":5,"column":4},"end":{"line":24,"column":5}},"2":{"start":{"line":6,"column":60},"end":{"line":6,"column":68}},"3":{"start":{"line":8,"column":6},"end":{"line":10,"column":7}},"4":{"start":{"line":9,"column":8},"end":{"line":9,"column":67}},"5":{"start":{"line":12,"column":21},"end":{"line":14,"column":73}},"6":{"start":{"line":16,"column":19},"end":{"line":16,"column":48}},"7":{"start":{"line":18,"column":6},"end":{"line":21,"column":9}},"8":{"start":{"line":23,"column":6},"end":{"line":23,"column":18}},"9":{"start":{"line":28,"column":0},"end":{"line":28,"column":34}}},"fnMap":{"0":{"name":"(anonymous_0)","decl":{"start":{"line":4,"column":2},"end":{"line":4,"column":3}},"loc":{"start":{"line":4,"column":44},"end":{"line":25,"column":3}},"line":4}},"branchMap":{"0":{"loc":{"start":{"line":6,"column":33},"end":{"line":6,"column":55}},"type":"default-arg","locations":[{"start":{"line":6,"column":53},"end":{"line":6,"column":55}}],"line":6},"1":{"loc":{"start":{"line":8,"column":6},"end":{"line":10,"column":7}},"type":"if","locations":[{"start":{"line":8,"column":6},"end":{"line":10,"column":7}},{"start":{},"end":{}}],"line":8},"2":{"loc":{"start":{"line":12,"column":33},"end":{"line":12,"column":55}},"type":"binary-expr","locations":[{"start":{"line":12,"column":33},"end":{"line":12,"column":43}},{"start":{"line":12,"column":47},"end":{"line":12,"column":55}}],"line":12},"3":{"loc":{"start":{"line":12,"column":80},"end":{"line":12,"column":102}},"type":"binary-expr","locations":[{"start":{"line":12,"column":80},"end":{"line":12,"column":97}},{"start":{"line":12,"column":101},"end":{"line":12,"column":102}}],"line":12}},"s":{"0":6,"1":4,"2":4,"3":4,"4":1,"5":3,"6":3,"7":2,"8":2,"9":6},"f":{"0":4},"b":{"0":[2],"1":[1,3],"2":[3,2],"3":[3,0]},"_coverageSchema":"1a1c01bbd47fc00a2c39e90264f33305004495a9","hash":"03125d84083d6a5edf0ebc5cddf4744a9500c5ee"}
,"C:\\Users\\rezao\\Documents\\hacktiv8\\p2\\IP-REZA\\server\\controllers\\OrderController.js": {"path":"C:\\Users\\rezao\\Documents\\hacktiv8\\p2\\IP-REZA\\server\\controllers\\OrderController.js","statementMap":{"0":{"start":{"line":1,"column":45},"end":{"line":1,"column":65}},"1":{"start":{"line":5,"column":4},"end":{"line":54,"column":5}},"2":{"start":{"line":6,"column":21},"end":{"line":6,"column":32}},"3":{"start":{"line":8,"column":23},"end":{"line":8,"column":110}},"4":{"start":{"line":9,"column":28},"end":{"line":9,"column":96}},"5":{"start":{"line":12,"column":6},"end":{"line":14,"column":7}},"6":{"start":{"line":13,"column":8},"end":{"line":13,"column":71}},"7":{"start":{"line":16,"column":21},"end":{"line":16,"column":52}},"8":{"start":{"line":18,"column":6},"end":{"line":20,"column":7}},"9":{"start":{"line":19,"column":8},"end":{"line":19,"column":64}},"10":{"start":{"line":22,"column":20},"end":{"line":28,"column":8}},"11":{"start":{"line":30,"column":6},"end":{"line":35,"column":9}},"12":{"start":{"line":37,"column":6},"end":{"line":39,"column":9}},"13":{"start":{"line":41,"column":6},"end":{"line":51,"column":9}},"14":{"start":{"line":53,"column":6},"end":{"line":53,"column":18}},"15":{"start":{"line":58,"column":0},"end":{"line":58,"column":33}}},"fnMap":{"0":{"name":"(anonymous_0)","decl":{"start":{"line":4,"column":2},"end":{"line":4,"column":3}},"loc":{"start":{"line":4,"column":40},"end":{"line":55,"column":3}},"line":4}},"branchMap":{"0":{"loc":{"start":{"line":8,"column":23},"end":{"line":8,"column":110}},"type":"binary-expr","locations":[{"start":{"line":8,"column":23},"end":{"line":8,"column":41}},{"start":{"line":8,"column":45},"end":{"line":8,"column":63}},{"start":{"line":8,"column":67},"end":{"line":8,"column":86}},{"start":{"line":8,"column":90},"end":{"line":8,"column":110}}],"line":8},"1":{"loc":{"start":{"line":9,"column":28},"end":{"line":9,"column":96}},"type":"binary-expr","locations":[{"start":{"line":9,"column":28},"end":{"line":9,"column":51}},{"start":{"line":9,"column":55},"end":{"line":9,"column":79}},{"start":{"line":9,"column":83},"end":{"line":9,"column":96}}],"line":9},"2":{"loc":{"start":{"line":12,"column":6},"end":{"line":14,"column":7}},"type":"if","locations":[{"start":{"line":12,"column":6},"end":{"line":14,"column":7}},{"start":{},"end":{}}],"line":12},"3":{"loc":{"start":{"line":18,"column":6},"end":{"line":20,"column":7}},"type":"if","locations":[{"start":{"line":18,"column":6},"end":{"line":20,"column":7}},{"start":{},"end":{}}],"line":18}},"s":{"0":6,"1":4,"2":4,"3":4,"4":4,"5":4,"6":1,"7":3,"8":3,"9":1,"10":2,"11":2,"12":2,"13":2,"14":2,"15":6},"f":{"0":4},"b":{"0":[4,1,1,1],"1":[4,1,1],"2":[1,3],"3":[1,2]},"_coverageSchema":"1a1c01bbd47fc00a2c39e90264f33305004495a9","hash":"c22b161dde80595d44ac96371dcee6ee47a4bdce"}
,"C:\\Users\\rezao\\Documents\\hacktiv8\\p2\\IP-REZA\\server\\controllers\\UserController.js": {"path":"C:\\Users\\rezao\\Documents\\hacktiv8\\p2\\IP-REZA\\server\\controllers\\UserController.js","statementMap":{"0":{"start":{"line":1,"column":28},"end":{"line":1,"column":56}},"1":{"start":{"line":2,"column":22},"end":{"line":2,"column":47}},"2":{"start":{"line":3,"column":17},"end":{"line":3,"column":37}},"3":{"start":{"line":7,"column":4},"end":{"line":7,"column":49}},"4":{"start":{"line":11,"column":4},"end":{"line":19,"column":5}},"5":{"start":{"line":12,"column":19},"end":{"line":12,"column":46}},"6":{"start":{"line":13,"column":21},"end":{"line":13,"column":34}},"7":{"start":{"line":14,"column":6},"end":{"line":14,"column":29}},"8":{"start":{"line":16,"column":6},"end":{"line":16,"column":42}},"9":{"start":{"line":18,"column":6},"end":{"line":18,"column":18}},"10":{"start":{"line":23,"column":4},"end":{"line":53,"column":5}},"11":{"start":{"line":24,"column":34},"end":{"line":24,"column":42}},"12":{"start":{"line":26,"column":6},"end":{"line":28,"column":7}},"13":{"start":{"line":27,"column":8},"end":{"line":27,"column":67}},"14":{"start":{"line":30,"column":6},"end":{"line":32,"column":7}},"15":{"start":{"line":31,"column":8},"end":{"line":31,"column":70}},"16":{"start":{"line":34,"column":19},"end":{"line":36,"column":8}},"17":{"start":{"line":38,"column":6},"end":{"line":40,"column":7}},"18":{"start":{"line":39,"column":8},"end":{"line":39,"column":74}},"19":{"start":{"line":42,"column":22},"end":{"line":42,"column":62}},"20":{"start":{"line":44,"column":6},"end":{"line":46,"column":7}},"21":{"start":{"line":45,"column":8},"end":{"line":45,"column":74}},"22":{"start":{"line":48,"column":27},"end":{"line":48,"column":53}},"23":{"start":{"line":50,"column":6},"end":{"line":50,"column":45}},"24":{"start":{"line":52,"column":6},"end":{"line":52,"column":18}},"25":{"start":{"line":57,"column":4},"end":{"line":72,"column":5}},"26":{"start":{"line":58,"column":21},"end":{"line":58,"column":32}},"27":{"start":{"line":60,"column":19},"end":{"line":60,"column":46}},"28":{"start":{"line":61,"column":6},"end":{"line":63,"column":7}},"29":{"start":{"line":62,"column":8},"end":{"line":62,"column":62}},"30":{"start":{"line":65,"column":6},"end":{"line":67,"column":9}},"31":{"start":{"line":69,"column":6},"end":{"line":69,"column":86}},"32":{"start":{"line":71,"column":6},"end":{"line":71,"column":18}},"33":{"start":{"line":76,"column":0},"end":{"line":76,"column":32}}},"fnMap":{"0":{"name":"(anonymous_0)","decl":{"start":{"line":6,"column":2},"end":{"line":6,"column":3}},"loc":{"start":{"line":6,"column":24},"end":{"line":8,"column":3}},"line":6},"1":{"name":"(anonymous_1)","decl":{"start":{"line":10,"column":2},"end":{"line":10,"column":3}},"loc":{"start":{"line":10,"column":40},"end":{"line":20,"column":3}},"line":10},"2":{"name":"(anonymous_2)","decl":{"start":{"line":22,"column":2},"end":{"line":22,"column":3}},"loc":{"start":{"line":22,"column":37},"end":{"line":54,"column":3}},"line":22},"3":{"name":"(anonymous_3)","decl":{"start":{"line":56,"column":2},"end":{"line":56,"column":3}},"loc":{"start":{"line":56,"column":45},"end":{"line":73,"column":3}},"line":56}},"branchMap":{"0":{"loc":{"start":{"line":26,"column":6},"end":{"line":28,"column":7}},"type":"if","locations":[{"start":{"line":26,"column":6},"end":{"line":28,"column":7}},{"start":{},"end":{}}],"line":26},"1":{"loc":{"start":{"line":30,"column":6},"end":{"line":32,"column":7}},"type":"if","locations":[{"start":{"line":30,"column":6},"end":{"line":32,"column":7}},{"start":{},"end":{}}],"line":30},"2":{"loc":{"start":{"line":38,"column":6},"end":{"line":40,"column":7}},"type":"if","locations":[{"start":{"line":38,"column":6},"end":{"line":40,"column":7}},{"start":{},"end":{}}],"line":38},"3":{"loc":{"start":{"line":44,"column":6},"end":{"line":46,"column":7}},"type":"if","locations":[{"start":{"line":44,"column":6},"end":{"line":46,"column":7}},{"start":{},"end":{}}],"line":44},"4":{"loc":{"start":{"line":61,"column":6},"end":{"line":63,"column":7}},"type":"if","locations":[{"start":{"line":61,"column":6},"end":{"line":63,"column":7}},{"start":{},"end":{}}],"line":61}},"s":{"0":6,"1":6,"2":6,"3":3,"4":3,"5":3,"6":1,"7":1,"8":1,"9":2,"10":5,"11":5,"12":5,"13":1,"14":4,"15":1,"16":3,"17":3,"18":1,"19":2,"20":2,"21":1,"22":1,"23":1,"24":4,"25":1,"26":1,"27":1,"28":1,"29":0,"30":1,"31":1,"32":0,"33":6},"f":{"0":3,"1":3,"2":5,"3":1},"b":{"0":[1,4],"1":[1,3],"2":[1,2],"3":[1,1],"4":[0,1]},"_coverageSchema":"1a1c01bbd47fc00a2c39e90264f33305004495a9","hash":"65595cf8089a66b2bd37c58b2c174ca5d4037676"}
,"C:\\Users\\rezao\\Documents\\hacktiv8\\p2\\IP-REZA\\server\\helpers\\bcrypt.js": {"path":"C:\\Users\\rezao\\Documents\\hacktiv8\\p2\\IP-REZA\\server\\helpers\\bcrypt.js","statementMap":{"0":{"start":{"line":1,"column":15},"end":{"line":1,"column":34}},"1":{"start":{"line":2,"column":21},"end":{"line":5,"column":1}},"2":{"start":{"line":3,"column":15},"end":{"line":3,"column":37}},"3":{"start":{"line":4,"column":2},"end":{"line":4,"column":41}},"4":{"start":{"line":7,"column":24},"end":{"line":9,"column":1}},"5":{"start":{"line":8,"column":2},"end":{"line":8,"column":54}},"6":{"start":{"line":11,"column":0},"end":{"line":11,"column":51}}},"fnMap":{"0":{"name":"(anonymous_0)","decl":{"start":{"line":2,"column":21},"end":{"line":2,"column":22}},"loc":{"start":{"line":2,"column":35},"end":{"line":5,"column":1}},"line":2},"1":{"name":"(anonymous_1)","decl":{"start":{"line":7,"column":24},"end":{"line":7,"column":25}},"loc":{"start":{"line":7,"column":54},"end":{"line":9,"column":1}},"line":7}},"branchMap":{},"s":{"0":6,"1":6,"2":6,"3":6,"4":6,"5":2,"6":6},"f":{"0":6,"1":2},"b":{},"_coverageSchema":"1a1c01bbd47fc00a2c39e90264f33305004495a9","hash":"de8641128f78571cd9e7d63cb4f74ed9e384c5cf"}
,"C:\\Users\\rezao\\Documents\\hacktiv8\\p2\\IP-REZA\\server\\helpers\\gemini.js": {"path":"C:\\Users\\rezao\\Documents\\hacktiv8\\p2\\IP-REZA\\server\\helpers\\gemini.js","statementMap":{"0":{"start":{"line":1,"column":31},"end":{"line":1,"column":63}},"1":{"start":{"line":4,"column":19},"end":{"line":15,"column":1}},"2":{"start":{"line":6,"column":17},"end":{"line":6,"column":43}},"3":{"start":{"line":8,"column":2},"end":{"line":10,"column":3}},"4":{"start":{"line":9,"column":4},"end":{"line":9,"column":78}},"5":{"start":{"line":13,"column":16},"end":{"line":13,"column":46}},"6":{"start":{"line":14,"column":2},"end":{"line":14,"column":15}},"7":{"start":{"line":18,"column":23},"end":{"line":21,"column":1}},"8":{"start":{"line":19,"column":16},"end":{"line":19,"column":28}},"9":{"start":{"line":20,"column":2},"end":{"line":20,"column":56}},"10":{"start":{"line":24,"column":24},"end":{"line":33,"column":1}},"11":{"start":{"line":25,"column":2},"end":{"line":32,"column":3}},"12":{"start":{"line":26,"column":18},"end":{"line":26,"column":43}},"13":{"start":{"line":27,"column":19},"end":{"line":27,"column":54}},"14":{"start":{"line":28,"column":4},"end":{"line":28,"column":34}},"15":{"start":{"line":30,"column":4},"end":{"line":30,"column":66}},"16":{"start":{"line":31,"column":4},"end":{"line":31,"column":16}},"17":{"start":{"line":35,"column":0},"end":{"line":39,"column":2}}},"fnMap":{"0":{"name":"(anonymous_0)","decl":{"start":{"line":4,"column":19},"end":{"line":4,"column":20}},"loc":{"start":{"line":4,"column":25},"end":{"line":15,"column":1}},"line":4},"1":{"name":"(anonymous_1)","decl":{"start":{"line":18,"column":23},"end":{"line":18,"column":24}},"loc":{"start":{"line":18,"column":57},"end":{"line":21,"column":1}},"line":18},"2":{"name":"(anonymous_2)","decl":{"start":{"line":24,"column":24},"end":{"line":24,"column":25}},"loc":{"start":{"line":24,"column":72},"end":{"line":33,"column":1}},"line":24}},"branchMap":{"0":{"loc":{"start":{"line":8,"column":2},"end":{"line":10,"column":3}},"type":"if","locations":[{"start":{"line":8,"column":2},"end":{"line":10,"column":3}},{"start":{},"end":{}}],"line":8},"1":{"loc":{"start":{"line":18,"column":24},"end":{"line":18,"column":52}},"type":"default-arg","locations":[{"start":{"line":18,"column":36},"end":{"line":18,"column":52}}],"line":18},"2":{"loc":{"start":{"line":24,"column":39},"end":{"line":24,"column":67}},"type":"default-arg","locations":[{"start":{"line":24,"column":51},"end":{"line":24,"column":67}}],"line":24}},"s":{"0":6,"1":6,"2":6,"3":6,"4":1,"5":5,"6":5,"7":6,"8":4,"9":4,"10":6,"11":2,"12":2,"13":2,"14":1,"15":1,"16":1,"17":6},"f":{"0":6,"1":4,"2":2},"b":{"0":[1,5],"1":[1],"2":[2]},"_coverageSchema":"1a1c01bbd47fc00a2c39e90264f33305004495a9","hash":"69afaee86bce819a81d1bfcd60a717c6cfdb40a4"}
,"C:\\Users\\rezao\\Documents\\hacktiv8\\p2\\IP-REZA\\server\\helpers\\jwt.js": {"path":"C:\\Users\\rezao\\Documents\\hacktiv8\\p2\\IP-REZA\\server\\helpers\\jwt.js","statementMap":{"0":{"start":{"line":1,"column":25},"end":{"line":1,"column":48}},"1":{"start":{"line":2,"column":19},"end":{"line":2,"column":41}},"2":{"start":{"line":5,"column":2},"end":{"line":5,"column":41}},"3":{"start":{"line":9,"column":2},"end":{"line":9,"column":35}},"4":{"start":{"line":12,"column":0},"end":{"line":12,"column":44}}},"fnMap":{"0":{"name":"signToken","decl":{"start":{"line":4,"column":9},"end":{"line":4,"column":18}},"loc":{"start":{"line":4,"column":30},"end":{"line":6,"column":1}},"line":4},"1":{"name":"verifyToken","decl":{"start":{"line":8,"column":9},"end":{"line":8,"column":20}},"loc":{"start":{"line":8,"column":28},"end":{"line":10,"column":1}},"line":8}},"branchMap":{},"s":{"0":6,"1":6,"2":4,"3":10,"4":6},"f":{"0":4,"1":10},"b":{},"_coverageSchema":"1a1c01bbd47fc00a2c39e90264f33305004495a9","hash":"b38743fd08797e9b64d39e4127e6d405f10fdc21"}
,"C:\\Users\\rezao\\Documents\\hacktiv8\\p2\\IP-REZA\\server\\middlewares\\authentication.js": {"path":"C:\\Users\\rezao\\Documents\\hacktiv8\\p2\\IP-REZA\\server\\middlewares\\authentication.js","statementMap":{"0":{"start":{"line":1,"column":24},"end":{"line":1,"column":49}},"1":{"start":{"line":2,"column":17},"end":{"line":2,"column":37}},"2":{"start":{"line":5,"column":2},"end":{"line":32,"column":3}},"3":{"start":{"line":6,"column":30},"end":{"line":6,"column":41}},"4":{"start":{"line":8,"column":4},"end":{"line":10,"column":5}},"5":{"start":{"line":9,"column":6},"end":{"line":9,"column":63}},"6":{"start":{"line":12,"column":21},"end":{"line":12,"column":45}},"7":{"start":{"line":13,"column":22},"end":{"line":13,"column":33}},"8":{"start":{"line":14,"column":23},"end":{"line":14,"column":34}},"9":{"start":{"line":16,"column":4},"end":{"line":18,"column":5}},"10":{"start":{"line":17,"column":6},"end":{"line":17,"column":68}},"11":{"start":{"line":20,"column":20},"end":{"line":20,"column":43}},"12":{"start":{"line":21,"column":19},"end":{"line":21,"column":92}},"13":{"start":{"line":22,"column":17},"end":{"line":22,"column":44}},"14":{"start":{"line":24,"column":4},"end":{"line":26,"column":5}},"15":{"start":{"line":25,"column":6},"end":{"line":25,"column":68}},"16":{"start":{"line":28,"column":4},"end":{"line":28,"column":31}},"17":{"start":{"line":29,"column":4},"end":{"line":29,"column":11}},"18":{"start":{"line":31,"column":4},"end":{"line":31,"column":16}},"19":{"start":{"line":35,"column":0},"end":{"line":35,"column":32}}},"fnMap":{"0":{"name":"authentication","decl":{"start":{"line":4,"column":15},"end":{"line":4,"column":29}},"loc":{"start":{"line":4,"column":46},"end":{"line":33,"column":1}},"line":4}},"branchMap":{"0":{"loc":{"start":{"line":8,"column":4},"end":{"line":10,"column":5}},"type":"if","locations":[{"start":{"line":8,"column":4},"end":{"line":10,"column":5}},{"start":{},"end":{}}],"line":8},"1":{"loc":{"start":{"line":16,"column":4},"end":{"line":18,"column":5}},"type":"if","locations":[{"start":{"line":16,"column":4},"end":{"line":18,"column":5}},{"start":{},"end":{}}],"line":16},"2":{"loc":{"start":{"line":16,"column":8},"end":{"line":16,"column":45}},"type":"binary-expr","locations":[{"start":{"line":16,"column":8},"end":{"line":16,"column":30}},{"start":{"line":16,"column":34},"end":{"line":16,"column":45}}],"line":16},"3":{"loc":{"start":{"line":21,"column":19},"end":{"line":21,"column":92}},"type":"cond-expr","locations":[{"start":{"line":21,"column":66},"end":{"line":21,"column":79}},{"start":{"line":21,"column":82},"end":{"line":21,"column":92}}],"line":21},"4":{"loc":{"start":{"line":21,"column":19},"end":{"line":21,"column":63}},"type":"binary-expr","locations":[{"start":{"line":21,"column":19},"end":{"line":21,"column":29}},{"start":{"line":21,"column":33},"end":{"line":21,"column":63}}],"line":21},"5":{"loc":{"start":{"line":24,"column":4},"end":{"line":26,"column":5}},"type":"if","locations":[{"start":{"line":24,"column":4},"end":{"line":26,"column":5}},{"start":{},"end":{}}],"line":24}},"s":{"0":6,"1":6,"2":13,"3":13,"4":13,"5":3,"6":10,"7":10,"8":10,"9":10,"10":0,"11":10,"12":9,"13":9,"14":9,"15":0,"16":9,"17":9,"18":4,"19":6},"f":{"0":13},"b":{"0":[3,10],"1":[0,10],"2":[10,10],"3":[9,0],"4":[9,9],"5":[0,9]},"_coverageSchema":"1a1c01bbd47fc00a2c39e90264f33305004495a9","hash":"3f0e79999277cbda8c1f3eb87bb3baf5bc727186"}
,"C:\\Users\\rezao\\Documents\\hacktiv8\\p2\\IP-REZA\\server\\middlewares\\errorHandler.js": {"path":"C:\\Users\\rezao\\Documents\\hacktiv8\\p2\\IP-REZA\\server\\middlewares\\errorHandler.js","statementMap":{"0":{"start":{"line":2,"column":2},"end":{"line":7,"column":3}},"1":{"start":{"line":6,"column":4},"end":{"line":6,"column":70}},"2":{"start":{"line":9,"column":2},"end":{"line":11,"column":3}},"3":{"start":{"line":10,"column":4},"end":{"line":10,"column":60}},"4":{"start":{"line":13,"column":2},"end":{"line":15,"column":3}},"5":{"start":{"line":14,"column":4},"end":{"line":14,"column":62}},"6":{"start":{"line":17,"column":2},"end":{"line":19,"column":3}},"7":{"start":{"line":18,"column":4},"end":{"line":18,"column":60}},"8":{"start":{"line":21,"column":2},"end":{"line":23,"column":3}},"9":{"start":{"line":22,"column":4},"end":{"line":22,"column":60}},"10":{"start":{"line":25,"column":2},"end":{"line":27,"column":3}},"11":{"start":{"line":26,"column":4},"end":{"line":26,"column":60}},"12":{"start":{"line":29,"column":2},"end":{"line":29,"column":61}},"13":{"start":{"line":32,"column":0},"end":{"line":32,"column":30}}},"fnMap":{"0":{"name":"errorHandler","decl":{"start":{"line":1,"column":9},"end":{"line":1,"column":21}},"loc":{"start":{"line":1,"column":45},"end":{"line":30,"column":1}},"line":1}},"branchMap":{"0":{"loc":{"start":{"line":2,"column":2},"end":{"line":7,"column":3}},"type":"if","locations":[{"start":{"line":2,"column":2},"end":{"line":7,"column":3}},{"start":{},"end":{}}],"line":2},"1":{"loc":{"start":{"line":3,"column":4},"end":{"line":4,"column":51}},"type":"binary-expr","locations":[{"start":{"line":3,"column":4},"end":{"line":3,"column":45}},{"start":{"line":4,"column":4},"end":{"line":4,"column":51}}],"line":3},"2":{"loc":{"start":{"line":9,"column":2},"end":{"line":11,"column":3}},"type":"if","locations":[{"start":{"line":9,"column":2},"end":{"line":11,"column":3}},{"start":{},"end":{}}],"line":9},"3":{"loc":{"start":{"line":13,"column":2},"end":{"line":15,"column":3}},"type":"if","locations":[{"start":{"line":13,"column":2},"end":{"line":15,"column":3}},{"start":{},"end":{}}],"line":13},"4":{"loc":{"start":{"line":17,"column":2},"end":{"line":19,"column":3}},"type":"if","locations":[{"start":{"line":17,"column":2},"end":{"line":19,"column":3}},{"start":{},"end":{}}],"line":17},"5":{"loc":{"start":{"line":21,"column":2},"end":{"line":23,"column":3}},"type":"if","locations":[{"start":{"line":21,"column":2},"end":{"line":23,"column":3}},{"start":{},"end":{}}],"line":21},"6":{"loc":{"start":{"line":25,"column":2},"end":{"line":27,"column":3}},"type":"if","locations":[{"start":{"line":25,"column":2},"end":{"line":27,"column":3}},{"start":{},"end":{}}],"line":25}},"s":{"0":15,"1":2,"2":13,"3":4,"4":9,"5":1,"6":8,"7":5,"8":3,"9":0,"10":3,"11":2,"12":1,"13":6},"f":{"0":15},"b":{"0":[2,13],"1":[15,14],"2":[4,9],"3":[1,8],"4":[5,3],"5":[0,3],"6":[2,1]},"_coverageSchema":"1a1c01bbd47fc00a2c39e90264f33305004495a9","hash":"1b5eb84f4915b4c65df884585b80bc31dfc964b3"}
,"C:\\Users\\rezao\\Documents\\hacktiv8\\p2\\IP-REZA\\server\\models\\category.js": {"path":"C:\\Users\\rezao\\Documents\\hacktiv8\\p2\\IP-REZA\\server\\models\\category.js","statementMap":{"0":{"start":{"line":2,"column":18},"end":{"line":2,"column":38}},"1":{"start":{"line":3,"column":0},"end":{"line":42,"column":2}},"2":{"start":{"line":6,"column":6},"end":{"line":6,"column":38}},"3":{"start":{"line":9,"column":2},"end":{"line":40,"column":4}},"4":{"start":{"line":41,"column":2},"end":{"line":41,"column":18}}},"fnMap":{"0":{"name":"(anonymous_0)","decl":{"start":{"line":3,"column":17},"end":{"line":3,"column":18}},"loc":{"start":{"line":3,"column":43},"end":{"line":42,"column":1}},"line":3},"1":{"name":"(anonymous_1)","decl":{"start":{"line":5,"column":4},"end":{"line":5,"column":5}},"loc":{"start":{"line":5,"column":29},"end":{"line":7,"column":5}},"line":5}},"branchMap":{},"s":{"0":6,"1":6,"2":6,"3":6,"4":6},"f":{"0":6,"1":6},"b":{},"_coverageSchema":"1a1c01bbd47fc00a2c39e90264f33305004495a9","hash":"f64d4704864e2c762c258eafe727968dff9f6a29"}
,"C:\\Users\\rezao\\Documents\\hacktiv8\\p2\\IP-REZA\\server\\models\\course.js": {"path":"C:\\Users\\rezao\\Documents\\hacktiv8\\p2\\IP-REZA\\server\\models\\course.js","statementMap":{"0":{"start":{"line":2,"column":18},"end":{"line":2,"column":38}},"1":{"start":{"line":3,"column":0},"end":{"line":171,"column":2}},"2":{"start":{"line":6,"column":6},"end":{"line":6,"column":40}},"3":{"start":{"line":7,"column":6},"end":{"line":7,"column":41}},"4":{"start":{"line":8,"column":6},"end":{"line":8,"column":36}},"5":{"start":{"line":11,"column":6},"end":{"line":14,"column":28}},"6":{"start":{"line":17,"column":2},"end":{"line":161,"column":4}},"7":{"start":{"line":162,"column":2},"end":{"line":169,"column":5}},"8":{"start":{"line":164,"column":20},"end":{"line":166,"column":16}},"9":{"start":{"line":168,"column":4},"end":{"line":168,"column":73}},"10":{"start":{"line":170,"column":2},"end":{"line":170,"column":16}}},"fnMap":{"0":{"name":"(anonymous_0)","decl":{"start":{"line":3,"column":17},"end":{"line":3,"column":18}},"loc":{"start":{"line":3,"column":43},"end":{"line":171,"column":1}},"line":3},"1":{"name":"(anonymous_1)","decl":{"start":{"line":5,"column":4},"end":{"line":5,"column":5}},"loc":{"start":{"line":5,"column":29},"end":{"line":9,"column":5}},"line":5},"2":{"name":"(anonymous_2)","decl":{"start":{"line":10,"column":4},"end":{"line":10,"column":5}},"loc":{"start":{"line":10,"column":24},"end":{"line":15,"column":5}},"line":10},"3":{"name":"(anonymous_3)","decl":{"start":{"line":162,"column":22},"end":{"line":162,"column":23}},"loc":{"start":{"line":162,"column":34},"end":{"line":169,"column":3}},"line":162}},"branchMap":{"0":{"loc":{"start":{"line":164,"column":20},"end":{"line":166,"column":16}},"type":"cond-expr","locations":[{"start":{"line":165,"column":6},"end":{"line":165,"column":68}},{"start":{"line":166,"column":6},"end":{"line":166,"column":16}}],"line":164}},"s":{"0":6,"1":6,"2":6,"3":6,"4":6,"5":0,"6":6,"7":6,"8":3,"9":3,"10":6},"f":{"0":6,"1":6,"2":0,"3":3},"b":{"0":[3,0]},"_coverageSchema":"1a1c01bbd47fc00a2c39e90264f33305004495a9","hash":"31104217807c0637f372e6e05078717ea97b94ef"}
,"C:\\Users\\rezao\\Documents\\hacktiv8\\p2\\IP-REZA\\server\\models\\index.js": {"path":"C:\\Users\\rezao\\Documents\\hacktiv8\\p2\\IP-REZA\\server\\models\\index.js","statementMap":{"0":{"start":{"line":3,"column":11},"end":{"line":3,"column":24}},"1":{"start":{"line":4,"column":13},"end":{"line":4,"column":28}},"2":{"start":{"line":5,"column":18},"end":{"line":5,"column":38}},"3":{"start":{"line":6,"column":16},"end":{"line":6,"column":34}},"4":{"start":{"line":7,"column":17},"end":{"line":7,"column":42}},"5":{"start":{"line":8,"column":12},"end":{"line":8,"column":49}},"6":{"start":{"line":9,"column":15},"end":{"line":9,"column":65}},"7":{"start":{"line":10,"column":11},"end":{"line":10,"column":13}},"8":{"start":{"line":13,"column":0},"end":{"line":17,"column":1}},"9":{"start":{"line":14,"column":2},"end":{"line":14,"column":74}},"10":{"start":{"line":16,"column":2},"end":{"line":16,"column":87}},"11":{"start":{"line":19,"column":0},"end":{"line":32,"column":5}},"12":{"start":{"line":22,"column":4},"end":{"line":27,"column":6}},"13":{"start":{"line":30,"column":18},"end":{"line":30,"column":85}},"14":{"start":{"line":31,"column":4},"end":{"line":31,"column":27}},"15":{"start":{"line":34,"column":0},"end":{"line":38,"column":3}},"16":{"start":{"line":35,"column":2},"end":{"line":37,"column":3}},"17":{"start":{"line":36,"column":4},"end":{"line":36,"column":32}},"18":{"start":{"line":40,"column":0},"end":{"line":40,"column":25}},"19":{"start":{"line":41,"column":0},"end":{"line":41,"column":25}},"20":{"start":{"line":43,"column":0},"end":{"line":43,"column":20}}},"fnMap":{"0":{"name":"(anonymous_0)","decl":{"start":{"line":21,"column":10},"end":{"line":21,"column":11}},"loc":{"start":{"line":21,"column":18},"end":{"line":28,"column":3}},"line":21},"1":{"name":"(anonymous_1)","decl":{"start":{"line":29,"column":11},"end":{"line":29,"column":12}},"loc":{"start":{"line":29,"column":19},"end":{"line":32,"column":3}},"line":29},"2":{"name":"(anonymous_2)","decl":{"start":{"line":34,"column":24},"end":{"line":34,"column":25}},"loc":{"start":{"line":34,"column":37},"end":{"line":38,"column":1}},"line":34}},"branchMap":{"0":{"loc":{"start":{"line":8,"column":12},"end":{"line":8,"column":49}},"type":"binary-expr","locations":[{"start":{"line":8,"column":12},"end":{"line":8,"column":32}},{"start":{"line":8,"column":36},"end":{"line":8,"column":49}}],"line":8},"1":{"loc":{"start":{"line":13,"column":0},"end":{"line":17,"column":1}},"type":"if","locations":[{"start":{"line":13,"column":0},"end":{"line":17,"column":1}},{"start":{"line":15,"column":7},"end":{"line":17,"column":1}}],"line":13},"2":{"loc":{"start":{"line":23,"column":6},"end":{"line":26,"column":37}},"type":"binary-expr","locations":[{"start":{"line":23,"column":6},"end":{"line":23,"column":29}},{"start":{"line":24,"column":6},"end":{"line":24,"column":23}},{"start":{"line":25,"column":6},"end":{"line":25,"column":30}},{"start":{"line":26,"column":6},"end":{"line":26,"column":37}}],"line":23},"3":{"loc":{"start":{"line":35,"column":2},"end":{"line":37,"column":3}},"type":"if","locations":[{"start":{"line":35,"column":2},"end":{"line":37,"column":3}},{"start":{},"end":{}}],"line":35}},"s":{"0":6,"1":6,"2":6,"3":6,"4":6,"5":6,"6":6,"7":6,"8":6,"9":1,"10":5,"11":6,"12":42,"13":36,"14":36,"15":6,"16":36,"17":36,"18":6,"19":6,"20":6},"f":{"0":42,"1":36,"2":36},"b":{"0":[6,0],"1":[1,5],"2":[42,42,36,36],"3":[36,0]},"_coverageSchema":"1a1c01bbd47fc00a2c39e90264f33305004495a9","hash":"f2de53d79e9bd2a2d7e6120d5023062507959726"}
,"C:\\Users\\rezao\\Documents\\hacktiv8\\p2\\IP-REZA\\server\\models\\order.js": {"path":"C:\\Users\\rezao\\Documents\\hacktiv8\\p2\\IP-REZA\\server\\models\\order.js","statementMap":{"0":{"start":{"line":2,"column":18},"end":{"line":2,"column":38}},"1":{"start":{"line":3,"column":0},"end":{"line":89,"column":2}},"2":{"start":{"line":6,"column":6},"end":{"line":6,"column":35}},"3":{"start":{"line":7,"column":6},"end":{"line":7,"column":40}},"4":{"start":{"line":10,"column":2},"end":{"line":87,"column":4}},"5":{"start":{"line":88,"column":2},"end":{"line":88,"column":15}}},"fnMap":{"0":{"name":"(anonymous_0)","decl":{"start":{"line":3,"column":17},"end":{"line":3,"column":18}},"loc":{"start":{"line":3,"column":43},"end":{"line":89,"column":1}},"line":3},"1":{"name":"(anonymous_1)","decl":{"start":{"line":5,"column":4},"end":{"line":5,"column":5}},"loc":{"start":{"line":5,"column":29},"end":{"line":8,"column":5}},"line":5}},"branchMap":{},"s":{"0":6,"1":6,"2":6,"3":6,"4":6,"5":6},"f":{"0":6,"1":6},"b":{},"_coverageSchema":"1a1c01bbd47fc00a2c39e90264f33305004495a9","hash":"978de68eab1cbd4de123d7d13f736c0859bd420a"}
,"C:\\Users\\rezao\\Documents\\hacktiv8\\p2\\IP-REZA\\server\\models\\orderdetail.js": {"path":"C:\\Users\\rezao\\Documents\\hacktiv8\\p2\\IP-REZA\\server\\models\\orderdetail.js","statementMap":{"0":{"start":{"line":2,"column":18},"end":{"line":2,"column":38}},"1":{"start":{"line":3,"column":0},"end":{"line":85,"column":2}},"2":{"start":{"line":6,"column":6},"end":{"line":6,"column":42}},"3":{"start":{"line":7,"column":6},"end":{"line":7,"column":43}},"4":{"start":{"line":10,"column":2},"end":{"line":83,"column":4}},"5":{"start":{"line":84,"column":2},"end":{"line":84,"column":21}}},"fnMap":{"0":{"name":"(anonymous_0)","decl":{"start":{"line":3,"column":17},"end":{"line":3,"column":18}},"loc":{"start":{"line":3,"column":43},"end":{"line":85,"column":1}},"line":3},"1":{"name":"(anonymous_1)","decl":{"start":{"line":5,"column":4},"end":{"line":5,"column":5}},"loc":{"start":{"line":5,"column":29},"end":{"line":8,"column":5}},"line":5}},"branchMap":{},"s":{"0":6,"1":6,"2":6,"3":6,"4":6,"5":6},"f":{"0":6,"1":6},"b":{},"_coverageSchema":"1a1c01bbd47fc00a2c39e90264f33305004495a9","hash":"d12f7795733d95640ad81cc2c55e3b7ca5c26ac4"}
,"C:\\Users\\rezao\\Documents\\hacktiv8\\p2\\IP-REZA\\server\\models\\review.js": {"path":"C:\\Users\\rezao\\Documents\\hacktiv8\\p2\\IP-REZA\\server\\models\\review.js","statementMap":{"0":{"start":{"line":2,"column":18},"end":{"line":2,"column":38}},"1":{"start":{"line":3,"column":0},"end":{"line":61,"column":2}},"2":{"start":{"line":6,"column":6},"end":{"line":6,"column":38}},"3":{"start":{"line":9,"column":2},"end":{"line":59,"column":4}},"4":{"start":{"line":60,"column":2},"end":{"line":60,"column":16}}},"fnMap":{"0":{"name":"(anonymous_0)","decl":{"start":{"line":3,"column":17},"end":{"line":3,"column":18}},"loc":{"start":{"line":3,"column":43},"end":{"line":61,"column":1}},"line":3},"1":{"name":"(anonymous_1)","decl":{"start":{"line":5,"column":4},"end":{"line":5,"column":5}},"loc":{"start":{"line":5,"column":29},"end":{"line":7,"column":5}},"line":5}},"branchMap":{},"s":{"0":6,"1":6,"2":6,"3":6,"4":6},"f":{"0":6,"1":6},"b":{},"_coverageSchema":"1a1c01bbd47fc00a2c39e90264f33305004495a9","hash":"da9ad28dd8a6a5134f1147a8da1e335c02b90499"}
,"C:\\Users\\rezao\\Documents\\hacktiv8\\p2\\IP-REZA\\server\\models\\user.js": {"path":"C:\\Users\\rezao\\Documents\\hacktiv8\\p2\\IP-REZA\\server\\models\\user.js","statementMap":{"0":{"start":{"line":2,"column":18},"end":{"line":2,"column":38}},"1":{"start":{"line":3,"column":25},"end":{"line":3,"column":53}},"2":{"start":{"line":4,"column":0},"end":{"line":91,"column":2}},"3":{"start":{"line":7,"column":6},"end":{"line":7,"column":33}},"4":{"start":{"line":10,"column":2},"end":{"line":86,"column":4}},"5":{"start":{"line":87,"column":2},"end":{"line":89,"column":5}},"6":{"start":{"line":88,"column":4},"end":{"line":88,"column":48}},"7":{"start":{"line":90,"column":2},"end":{"line":90,"column":14}}},"fnMap":{"0":{"name":"(anonymous_0)","decl":{"start":{"line":4,"column":17},"end":{"line":4,"column":18}},"loc":{"start":{"line":4,"column":43},"end":{"line":91,"column":1}},"line":4},"1":{"name":"(anonymous_1)","decl":{"start":{"line":6,"column":4},"end":{"line":6,"column":5}},"loc":{"start":{"line":6,"column":29},"end":{"line":8,"column":5}},"line":6},"2":{"name":"(anonymous_2)","decl":{"start":{"line":87,"column":20},"end":{"line":87,"column":21}},"loc":{"start":{"line":87,"column":30},"end":{"line":89,"column":3}},"line":87}},"branchMap":{},"s":{"0":6,"1":6,"2":6,"3":6,"4":6,"5":6,"6":5,"7":6},"f":{"0":6,"1":6,"2":5},"b":{},"_coverageSchema":"1a1c01bbd47fc00a2c39e90264f33305004495a9","hash":"45d980bfeb1ed7a7592d3a2cf644e509975e9bf5"}
,"C:\\Users\\rezao\\Documents\\hacktiv8\\p2\\IP-REZA\\server\\routers\\auth.js": {"path":"C:\\Users\\rezao\\Documents\\hacktiv8\\p2\\IP-REZA\\server\\routers\\auth.js","statementMap":{"0":{"start":{"line":1,"column":16},"end":{"line":1,"column":34}},"1":{"start":{"line":2,"column":23},"end":{"line":2,"column":63}},"2":{"start":{"line":3,"column":23},"end":{"line":3,"column":63}},"3":{"start":{"line":4,"column":13},"end":{"line":4,"column":29}},"4":{"start":{"line":6,"column":0},"end":{"line":6,"column":34}},"5":{"start":{"line":7,"column":0},"end":{"line":7,"column":47}},"6":{"start":{"line":8,"column":0},"end":{"line":8,"column":41}},"7":{"start":{"line":9,"column":0},"end":{"line":9,"column":76}},"8":{"start":{"line":11,"column":0},"end":{"line":11,"column":21}}},"fnMap":{},"branchMap":{},"s":{"0":6,"1":6,"2":6,"3":6,"4":6,"5":6,"6":6,"7":6,"8":6},"f":{},"b":{},"_coverageSchema":"1a1c01bbd47fc00a2c39e90264f33305004495a9","hash":"27688ccafe93b9a6e1ff36abb0d9a6da10dee678"}
,"C:\\Users\\rezao\\Documents\\hacktiv8\\p2\\IP-REZA\\server\\routers\\courses.js": {"path":"C:\\Users\\rezao\\Documents\\hacktiv8\\p2\\IP-REZA\\server\\routers\\courses.js","statementMap":{"0":{"start":{"line":1,"column":16},"end":{"line":1,"column":34}},"1":{"start":{"line":2,"column":25},"end":{"line":2,"column":67}},"2":{"start":{"line":3,"column":15},"end":{"line":3,"column":31}},"3":{"start":{"line":5,"column":0},"end":{"line":5,"column":48}},"4":{"start":{"line":6,"column":0},"end":{"line":6,"column":51}},"5":{"start":{"line":8,"column":0},"end":{"line":8,"column":24}}},"fnMap":{},"branchMap":{},"s":{"0":6,"1":6,"2":6,"3":6,"4":6,"5":6},"f":{},"b":{},"_coverageSchema":"1a1c01bbd47fc00a2c39e90264f33305004495a9","hash":"993a43532cbcef082ebf699a58e9f62cbd52df42"}
,"C:\\Users\\rezao\\Documents\\hacktiv8\\p2\\IP-REZA\\server\\routers\\gemini.js": {"path":"C:\\Users\\rezao\\Documents\\hacktiv8\\p2\\IP-REZA\\server\\routers\\gemini.js","statementMap":{"0":{"start":{"line":1,"column":16},"end":{"line":1,"column":34}},"1":{"start":{"line":2,"column":25},"end":{"line":2,"column":67}},"2":{"start":{"line":3,"column":15},"end":{"line":3,"column":31}},"3":{"start":{"line":5,"column":0},"end":{"line":5,"column":61}},"4":{"start":{"line":7,"column":0},"end":{"line":7,"column":24}}},"fnMap":{},"branchMap":{},"s":{"0":6,"1":6,"2":6,"3":6,"4":6},"f":{},"b":{},"_coverageSchema":"1a1c01bbd47fc00a2c39e90264f33305004495a9","hash":"9323bcfe3d4670e5418f449147315aa62fb06f23"}
,"C:\\Users\\rezao\\Documents\\hacktiv8\\p2\\IP-REZA\\server\\routers\\index.js": {"path":"C:\\Users\\rezao\\Documents\\hacktiv8\\p2\\IP-REZA\\server\\routers\\index.js","statementMap":{"0":{"start":{"line":1,"column":16},"end":{"line":1,"column":34}},"1":{"start":{"line":2,"column":23},"end":{"line":2,"column":63}},"2":{"start":{"line":3,"column":15},"end":{"line":3,"column":31}},"3":{"start":{"line":5,"column":0},"end":{"line":5,"column":35}},"4":{"start":{"line":6,"column":0},"end":{"line":6,"column":45}},"5":{"start":{"line":7,"column":0},"end":{"line":7,"column":59}},"6":{"start":{"line":8,"column":0},"end":{"line":8,"column":59}},"7":{"start":{"line":10,"column":0},"end":{"line":10,"column":24}}},"fnMap":{},"branchMap":{},"s":{"0":6,"1":6,"2":6,"3":6,"4":6,"5":6,"6":6,"7":6},"f":{},"b":{},"_coverageSchema":"1a1c01bbd47fc00a2c39e90264f33305004495a9","hash":"b6850ccbcb0d8f852578a7e00f4add165fcfe9f7"}
,"C:\\Users\\rezao\\Documents\\hacktiv8\\p2\\IP-REZA\\server\\routers\\orders.js": {"path":"C:\\Users\\rezao\\Documents\\hacktiv8\\p2\\IP-REZA\\server\\routers\\orders.js","statementMap":{"0":{"start":{"line":1,"column":16},"end":{"line":1,"column":34}},"1":{"start":{"line":2,"column":24},"end":{"line":2,"column":65}},"2":{"start":{"line":3,"column":15},"end":{"line":3,"column":31}},"3":{"start":{"line":5,"column":0},"end":{"line":5,"column":51}},"4":{"start":{"line":7,"column":0},"end":{"line":7,"column":24}}},"fnMap":{},"branchMap":{},"s":{"0":6,"1":6,"2":6,"3":6,"4":6},"f":{},"b":{},"_coverageSchema":"1a1c01bbd47fc00a2c39e90264f33305004495a9","hash":"19841f0e2618e25d48a88f71da9af2ab80f60479"}
}
