{"C:\\Users\\rezao\\Documents\\hacktiv8\\p2\\IP-REZA\\server\\app.js": {"path":"C:\\Users\\rezao\\Documents\\hacktiv8\\p2\\IP-REZA\\server\\app.js","statementMap":{"0":{"start":{"line":1,"column":0},"end":{"line":3,"column":1}},"1":{"start":{"line":2,"column":2},"end":{"line":2,"column":29}},"2":{"start":{"line":5,"column":16},"end":{"line":5,"column":34}},"3":{"start":{"line":6,"column":12},"end":{"line":6,"column":21}},"4":{"start":{"line":7,"column":13},"end":{"line":7,"column":28}},"5":{"start":{"line":8,"column":21},"end":{"line":8,"column":58}},"6":{"start":{"line":10,"column":0},"end":{"line":10,"column":48}},"7":{"start":{"line":11,"column":0},"end":{"line":11,"column":24}},"8":{"start":{"line":12,"column":0},"end":{"line":12,"column":16}},"9":{"start":{"line":14,"column":0},"end":{"line":14,"column":35}},"10":{"start":{"line":16,"column":0},"end":{"line":16,"column":22}},"11":{"start":{"line":18,"column":0},"end":{"line":18,"column":21}}},"fnMap":{},"branchMap":{"0":{"loc":{"start":{"line":1,"column":0},"end":{"line":3,"column":1}},"type":"if","locations":[{"start":{"line":1,"column":0},"end":{"line":3,"column":1}},{"start":{},"end":{}}],"line":1}},"s":{"0":5,"1":5,"2":5,"3":5,"4":5,"5":5,"6":5,"7":5,"8":5,"9":5,"10":5,"11":5},"f":{},"b":{"0":[5,0]},"_coverageSchema":"1a1c01bbd47fc00a2c39e90264f33305004495a9","hash":"fc74dc47679bfde465f7c4762ab4012fca8d8a2a"}
,"C:\\Users\\rezao\\Documents\\hacktiv8\\p2\\IP-REZA\\server\\controllers\\CourseController.js": {"path":"C:\\Users\\rezao\\Documents\\hacktiv8\\p2\\IP-REZA\\server\\controllers\\CourseController.js","statementMap":{"0":{"start":{"line":1,"column":35},"end":{"line":1,"column":55}},"1":{"start":{"line":2,"column":15},"end":{"line":2,"column":35}},"2":{"start":{"line":6,"column":4},"end":{"line":44,"column":5}},"3":{"start":{"line":7,"column":61},"end":{"line":7,"column":70}},"4":{"start":{"line":8,"column":26},"end":{"line":17,"column":7}},"5":{"start":{"line":19,"column":6},"end":{"line":21,"column":7}},"6":{"start":{"line":20,"column":8},"end":{"line":20,"column":64}},"7":{"start":{"line":23,"column":6},"end":{"line":27,"column":7}},"8":{"start":{"line":24,"column":22},"end":{"line":24,"column":54}},"9":{"start":{"line":25,"column":24},"end":{"line":25,"column":63}},"10":{"start":{"line":26,"column":8},"end":{"line":26,"column":47}},"11":{"start":{"line":29,"column":6},"end":{"line":31,"column":7}},"12":{"start":{"line":30,"column":8},"end":{"line":30,"column":46}},"13":{"start":{"line":33,"column":30},"end":{"line":33,"column":71}},"14":{"start":{"line":35,"column":6},"end":{"line":41,"column":9}},"15":{"start":{"line":43,"column":6},"end":{"line":43,"column":18}},"16":{"start":{"line":48,"column":4},"end":{"line":66,"column":5}},"17":{"start":{"line":49,"column":21},"end":{"line":49,"column":31}},"18":{"start":{"line":51,"column":21},"end":{"line":57,"column":8}},"19":{"start":{"line":59,"column":6},"end":{"line":61,"column":7}},"20":{"start":{"line":60,"column":8},"end":{"line":60,"column":64}},"21":{"start":{"line":63,"column":6},"end":{"line":63,"column":35}},"22":{"start":{"line":65,"column":6},"end":{"line":65,"column":18}},"23":{"start":{"line":70,"column":0},"end":{"line":70,"column":34}}},"fnMap":{"0":{"name":"(anonymous_0)","decl":{"start":{"line":5,"column":2},"end":{"line":5,"column":3}},"loc":{"start":{"line":5,"column":45},"end":{"line":45,"column":3}},"line":5},"1":{"name":"(anonymous_1)","decl":{"start":{"line":47,"column":2},"end":{"line":47,"column":3}},"loc":{"start":{"line":47,"column":45},"end":{"line":67,"column":3}},"line":47}},"branchMap":{"0":{"loc":{"start":{"line":7,"column":36},"end":{"line":7,"column":44}},"type":"default-arg","locations":[{"start":{"line":7,"column":43},"end":{"line":7,"column":44}}],"line":7},"1":{"loc":{"start":{"line":7,"column":46},"end":{"line":7,"column":56}},"type":"default-arg","locations":[{"start":{"line":7,"column":54},"end":{"line":7,"column":56}}],"line":7},"2":{"loc":{"start":{"line":19,"column":6},"end":{"line":21,"column":7}},"type":"if","locations":[{"start":{"line":19,"column":6},"end":{"line":21,"column":7}},{"start":{},"end":{}}],"line":19},"3":{"loc":{"start":{"line":23,"column":6},"end":{"line":27,"column":7}},"type":"if","locations":[{"start":{"line":23,"column":6},"end":{"line":27,"column":7}},{"start":{},"end":{}}],"line":23},"4":{"loc":{"start":{"line":24,"column":22},"end":{"line":24,"column":54}},"type":"cond-expr","locations":[{"start":{"line":24,"column":40},"end":{"line":24,"column":46}},{"start":{"line":24,"column":49},"end":{"line":24,"column":54}}],"line":24},"5":{"loc":{"start":{"line":25,"column":24},"end":{"line":25,"column":63}},"type":"cond-expr","locations":[{"start":{"line":25,"column":43},"end":{"line":25,"column":56}},{"start":{"line":25,"column":59},"end":{"line":25,"column":63}}],"line":25},"6":{"loc":{"start":{"line":29,"column":6},"end":{"line":31,"column":7}},"type":"if","locations":[{"start":{"line":29,"column":6},"end":{"line":31,"column":7}},{"start":{},"end":{}}],"line":29},"7":{"loc":{"start":{"line":59,"column":6},"end":{"line":61,"column":7}},"type":"if","locations":[{"start":{"line":59,"column":6},"end":{"line":61,"column":7}},{"start":{},"end":{}}],"line":59}},"s":{"0":6,"1":6,"2":13,"3":13,"4":13,"5":13,"6":2,"7":13,"8":4,"9":4,"10":4,"11":13,"12":2,"13":13,"14":6,"15":7,"16":5,"17":5,"18":5,"19":4,"20":3,"21":1,"22":4,"23":6},"f":{"0":13,"1":5},"b":{"0":[11],"1":[11],"2":[2,11],"3":[4,9],"4":[2,2],"5":[2,2],"6":[2,11],"7":[3,1]},"_coverageSchema":"1a1c01bbd47fc00a2c39e90264f33305004495a9","hash":"228c1a800456ac7620338c44bfdd6a81621574d7"}
,"C:\\Users\\rezao\\Documents\\hacktiv8\\p2\\IP-REZA\\server\\controllers\\GeminiController.js": {"path":"C:\\Users\\rezao\\Documents\\hacktiv8\\p2\\IP-REZA\\server\\controllers\\GeminiController.js","statementMap":{"0":{"start":{"line":1,"column":28},"end":{"line":1,"column":56}},"1":{"start":{"line":5,"column":4},"end":{"line":126,"column":5}},"2":{"start":{"line":6,"column":70},"end":{"line":6,"column":78}},"3":{"start":{"line":8,"column":6},"end":{"line":13,"column":7}},"4":{"start":{"line":9,"column":8},"end":{"line":12,"column":11}},"5":{"start":{"line":16,"column":32},"end":{"line":29,"column":7}},"6":{"start":{"line":31,"column":35},"end":{"line":33,"column":7}},"7":{"start":{"line":32,"column":8},"end":{"line":32,"column":90}},"8":{"start":{"line":35,"column":6},"end":{"line":40,"column":7}},"9":{"start":{"line":36,"column":8},"end":{"line":39,"column":11}},"10":{"start":{"line":43,"column":32},"end":{"line":43,"column":68}},"11":{"start":{"line":44,"column":33},"end":{"line":46,"column":18}},"12":{"start":{"line":49,"column":29},"end":{"line":49,"column":73}},"13":{"start":{"line":51,"column":21},"end":{"line":67,"column":84}},"14":{"start":{"line":69,"column":27},"end":{"line":69,"column":56}},"15":{"start":{"line":73,"column":6},"end":{"line":123,"column":7}},"16":{"start":{"line":75,"column":26},"end":{"line":75,"column":67}},"17":{"start":{"line":76,"column":24},"end":{"line":76,"column":63}},"18":{"start":{"line":78,"column":8},"end":{"line":78,"column":39}},"19":{"start":{"line":81,"column":8},"end":{"line":83,"column":9}},"20":{"start":{"line":82,"column":10},"end":{"line":82,"column":54}},"21":{"start":{"line":87,"column":28},"end":{"line":91,"column":11}},"22":{"start":{"line":87,"column":56},"end":{"line":91,"column":9}},"23":{"start":{"line":95,"column":8},"end":{"line":95,"column":62}},"24":{"start":{"line":96,"column":23},"end":{"line":96,"column":44}},"25":{"start":{"line":97,"column":8},"end":{"line":97,"column":50}},"26":{"start":{"line":100,"column":8},"end":{"line":105,"column":27}},"27":{"start":{"line":101,"column":10},"end":{"line":104,"column":11}},"28":{"start":{"line":102,"column":12},"end":{"line":102,"column":50}},"29":{"start":{"line":103,"column":12},"end":{"line":103,"column":74}},"30":{"start":{"line":107,"column":8},"end":{"line":117,"column":11}},"31":{"start":{"line":119,"column":8},"end":{"line":122,"column":11}},"32":{"start":{"line":125,"column":6},"end":{"line":125,"column":18}},"33":{"start":{"line":130,"column":4},"end":{"line":215,"column":5}},"34":{"start":{"line":131,"column":34},"end":{"line":131,"column":48}},"35":{"start":{"line":133,"column":6},"end":{"line":135,"column":7}},"36":{"start":{"line":134,"column":8},"end":{"line":134,"column":82}},"37":{"start":{"line":138,"column":26},"end":{"line":138,"column":70}},"38":{"start":{"line":141,"column":28},"end":{"line":141,"column":56}},"39":{"start":{"line":142,"column":23},"end":{"line":142,"column":44}},"40":{"start":{"line":144,"column":6},"end":{"line":146,"column":7}},"41":{"start":{"line":145,"column":8},"end":{"line":145,"column":110}},"42":{"start":{"line":149,"column":25},"end":{"line":149,"column":26}},"43":{"start":{"line":150,"column":22},"end":{"line":175,"column":8}},"44":{"start":{"line":152,"column":27},"end":{"line":152,"column":95}},"45":{"start":{"line":153,"column":27},"end":{"line":153,"column":78}},"46":{"start":{"line":155,"column":8},"end":{"line":157,"column":9}},"47":{"start":{"line":156,"column":10},"end":{"line":156,"column":70}},"48":{"start":{"line":159,"column":25},"end":{"line":159,"column":45}},"49":{"start":{"line":160,"column":26},"end":{"line":160,"column":91}},"50":{"start":{"line":162,"column":8},"end":{"line":164,"column":9}},"51":{"start":{"line":163,"column":10},"end":{"line":163,"column":25}},"52":{"start":{"line":166,"column":8},"end":{"line":174,"column":10}},"53":{"start":{"line":177,"column":20},"end":{"line":177,"column":58}},"54":{"start":{"line":180,"column":31},"end":{"line":180,"column":33}},"55":{"start":{"line":181,"column":6},"end":{"line":189,"column":7}},"56":{"start":{"line":182,"column":8},"end":{"line":182,"column":70}},"57":{"start":{"line":183,"column":13},"end":{"line":189,"column":7}},"58":{"start":{"line":184,"column":8},"end":{"line":184,"column":88}},"59":{"start":{"line":185,"column":13},"end":{"line":189,"column":7}},"60":{"start":{"line":186,"column":8},"end":{"line":186,"column":99}},"61":{"start":{"line":188,"column":8},"end":{"line":188,"column":102}},"62":{"start":{"line":191,"column":6},"end":{"line":202,"column":9}},"63":{"start":{"line":206,"column":6},"end":{"line":211,"column":25}},"64":{"start":{"line":207,"column":8},"end":{"line":210,"column":9}},"65":{"start":{"line":208,"column":10},"end":{"line":208,"column":48}},"66":{"start":{"line":209,"column":10},"end":{"line":209,"column":94}},"67":{"start":{"line":214,"column":6},"end":{"line":214,"column":18}},"68":{"start":{"line":219,"column":4},"end":{"line":266,"column":5}},"69":{"start":{"line":220,"column":40},"end":{"line":220,"column":48}},"70":{"start":{"line":222,"column":6},"end":{"line":224,"column":7}},"71":{"start":{"line":223,"column":8},"end":{"line":223,"column":89}},"72":{"start":{"line":227,"column":28},"end":{"line":227,"column":56}},"73":{"start":{"line":228,"column":23},"end":{"line":228,"column":44}},"74":{"start":{"line":230,"column":6},"end":{"line":232,"column":7}},"75":{"start":{"line":231,"column":8},"end":{"line":231,"column":84}},"76":{"start":{"line":234,"column":6},"end":{"line":236,"column":7}},"77":{"start":{"line":235,"column":8},"end":{"line":235,"column":73}},"78":{"start":{"line":238,"column":23},"end":{"line":238,"column":46}},"79":{"start":{"line":241,"column":19},"end":{"line":254,"column":8}},"80":{"start":{"line":256,"column":6},"end":{"line":263,"column":9}},"81":{"start":{"line":265,"column":6},"end":{"line":265,"column":18}},"82":{"start":{"line":270,"column":0},"end":{"line":270,"column":34}}},"fnMap":{"0":{"name":"(anonymous_0)","decl":{"start":{"line":4,"column":2},"end":{"line":4,"column":3}},"loc":{"start":{"line":4,"column":44},"end":{"line":127,"column":3}},"line":4},"1":{"name":"(anonymous_1)","decl":{"start":{"line":31,"column":58},"end":{"line":31,"column":59}},"loc":{"start":{"line":32,"column":8},"end":{"line":32,"column":90}},"line":32},"2":{"name":"(anonymous_2)","decl":{"start":{"line":87,"column":41},"end":{"line":87,"column":42}},"loc":{"start":{"line":87,"column":56},"end":{"line":91,"column":9}},"line":87},"3":{"name":"(anonymous_3)","decl":{"start":{"line":100,"column":19},"end":{"line":100,"column":20}},"loc":{"start":{"line":100,"column":25},"end":{"line":105,"column":9}},"line":100},"4":{"name":"(anonymous_4)","decl":{"start":{"line":129,"column":2},"end":{"line":129,"column":3}},"loc":{"start":{"line":129,"column":44},"end":{"line":216,"column":3}},"line":129},"5":{"name":"(anonymous_5)","decl":{"start":{"line":150,"column":38},"end":{"line":150,"column":39}},"loc":{"start":{"line":150,"column":57},"end":{"line":175,"column":7}},"line":150},"6":{"name":"(anonymous_6)","decl":{"start":{"line":206,"column":17},"end":{"line":206,"column":18}},"loc":{"start":{"line":206,"column":23},"end":{"line":211,"column":7}},"line":206},"7":{"name":"(anonymous_7)","decl":{"start":{"line":218,"column":2},"end":{"line":218,"column":3}},"loc":{"start":{"line":218,"column":39},"end":{"line":267,"column":3}},"line":218}},"branchMap":{"0":{"loc":{"start":{"line":6,"column":21},"end":{"line":6,"column":42}},"type":"default-arg","locations":[{"start":{"line":6,"column":34},"end":{"line":6,"column":42}}],"line":6},"1":{"loc":{"start":{"line":6,"column":44},"end":{"line":6,"column":65}},"type":"default-arg","locations":[{"start":{"line":6,"column":64},"end":{"line":6,"column":65}}],"line":6},"2":{"loc":{"start":{"line":8,"column":6},"end":{"line":13,"column":7}},"type":"if","locations":[{"start":{"line":8,"column":6},"end":{"line":13,"column":7}},{"start":{},"end":{}}],"line":8},"3":{"loc":{"start":{"line":32,"column":8},"end":{"line":32,"column":90}},"type":"binary-expr","locations":[{"start":{"line":32,"column":8},"end":{"line":32,"column":47}},{"start":{"line":32,"column":51},"end":{"line":32,"column":90}}],"line":32},"4":{"loc":{"start":{"line":35,"column":6},"end":{"line":40,"column":7}},"type":"if","locations":[{"start":{"line":35,"column":6},"end":{"line":40,"column":7}},{"start":{},"end":{}}],"line":35},"5":{"loc":{"start":{"line":44,"column":33},"end":{"line":46,"column":18}},"type":"cond-expr","locations":[{"start":{"line":45,"column":10},"end":{"line":45,"column":34}},{"start":{"line":46,"column":10},"end":{"line":46,"column":18}}],"line":44},"6":{"loc":{"start":{"line":76,"column":24},"end":{"line":76,"column":63}},"type":"cond-expr","locations":[{"start":{"line":76,"column":36},"end":{"line":76,"column":48}},{"start":{"line":76,"column":51},"end":{"line":76,"column":63}}],"line":76},"7":{"loc":{"start":{"line":81,"column":8},"end":{"line":83,"column":9}},"type":"if","locations":[{"start":{"line":81,"column":8},"end":{"line":83,"column":9}},{"start":{},"end":{}}],"line":81},"8":{"loc":{"start":{"line":95,"column":33},"end":{"line":95,"column":61}},"type":"binary-expr","locations":[{"start":{"line":95,"column":33},"end":{"line":95,"column":55}},{"start":{"line":95,"column":59},"end":{"line":95,"column":61}}],"line":95},"9":{"loc":{"start":{"line":101,"column":10},"end":{"line":104,"column":11}},"type":"if","locations":[{"start":{"line":101,"column":10},"end":{"line":104,"column":11}},{"start":{},"end":{}}],"line":101},"10":{"loc":{"start":{"line":101,"column":14},"end":{"line":101,"column":70}},"type":"binary-expr","locations":[{"start":{"line":101,"column":14},"end":{"line":101,"column":36}},{"start":{"line":101,"column":40},"end":{"line":101,"column":70}}],"line":101},"11":{"loc":{"start":{"line":131,"column":34},"end":{"line":131,"column":48}},"type":"binary-expr","locations":[{"start":{"line":131,"column":34},"end":{"line":131,"column":42}},{"start":{"line":131,"column":46},"end":{"line":131,"column":48}}],"line":131},"12":{"loc":{"start":{"line":133,"column":6},"end":{"line":135,"column":7}},"type":"if","locations":[{"start":{"line":133,"column":6},"end":{"line":135,"column":7}},{"start":{},"end":{}}],"line":133},"13":{"loc":{"start":{"line":133,"column":10},"end":{"line":133,"column":29}},"type":"binary-expr","locations":[{"start":{"line":133,"column":10},"end":{"line":133,"column":17}},{"start":{"line":133,"column":21},"end":{"line":133,"column":29}}],"line":133},"14":{"loc":{"start":{"line":138,"column":26},"end":{"line":138,"column":70}},"type":"cond-expr","locations":[{"start":{"line":138,"column":51},"end":{"line":138,"column":58}},{"start":{"line":138,"column":61},"end":{"line":138,"column":70}}],"line":138},"15":{"loc":{"start":{"line":141,"column":28},"end":{"line":141,"column":56}},"type":"binary-expr","locations":[{"start":{"line":141,"column":28},"end":{"line":141,"column":50}},{"start":{"line":141,"column":54},"end":{"line":141,"column":56}}],"line":141},"16":{"loc":{"start":{"line":144,"column":6},"end":{"line":146,"column":7}},"type":"if","locations":[{"start":{"line":144,"column":6},"end":{"line":146,"column":7}},{"start":{},"end":{}}],"line":144},"17":{"loc":{"start":{"line":152,"column":27},"end":{"line":152,"column":95}},"type":"cond-expr","locations":[{"start":{"line":152,"column":70},"end":{"line":152,"column":87}},{"start":{"line":152,"column":90},"end":{"line":152,"column":95}}],"line":152},"18":{"loc":{"start":{"line":153,"column":27},"end":{"line":153,"column":78}},"type":"cond-expr","locations":[{"start":{"line":153,"column":56},"end":{"line":153,"column":69}},{"start":{"line":153,"column":72},"end":{"line":153,"column":78}}],"line":153},"19":{"loc":{"start":{"line":155,"column":8},"end":{"line":157,"column":9}},"type":"if","locations":[{"start":{"line":155,"column":8},"end":{"line":157,"column":9}},{"start":{},"end":{}}],"line":155},"20":{"loc":{"start":{"line":155,"column":12},"end":{"line":155,"column":59}},"type":"binary-expr","locations":[{"start":{"line":155,"column":12},"end":{"line":155,"column":41}},{"start":{"line":155,"column":45},"end":{"line":155,"column":59}}],"line":155},"21":{"loc":{"start":{"line":162,"column":8},"end":{"line":164,"column":9}},"type":"if","locations":[{"start":{"line":162,"column":8},"end":{"line":164,"column":9}},{"start":{},"end":{}}],"line":162},"22":{"loc":{"start":{"line":181,"column":6},"end":{"line":189,"column":7}},"type":"if","locations":[{"start":{"line":181,"column":6},"end":{"line":189,"column":7}},{"start":{"line":183,"column":13},"end":{"line":189,"column":7}}],"line":181},"23":{"loc":{"start":{"line":183,"column":13},"end":{"line":189,"column":7}},"type":"if","locations":[{"start":{"line":183,"column":13},"end":{"line":189,"column":7}},{"start":{"line":185,"column":13},"end":{"line":189,"column":7}}],"line":183},"24":{"loc":{"start":{"line":185,"column":13},"end":{"line":189,"column":7}},"type":"if","locations":[{"start":{"line":185,"column":13},"end":{"line":189,"column":7}},{"start":{"line":187,"column":13},"end":{"line":189,"column":7}}],"line":185},"25":{"loc":{"start":{"line":207,"column":8},"end":{"line":210,"column":9}},"type":"if","locations":[{"start":{"line":207,"column":8},"end":{"line":210,"column":9}},{"start":{},"end":{}}],"line":207},"26":{"loc":{"start":{"line":207,"column":12},"end":{"line":207,"column":68}},"type":"binary-expr","locations":[{"start":{"line":207,"column":12},"end":{"line":207,"column":34}},{"start":{"line":207,"column":38},"end":{"line":207,"column":68}}],"line":207},"27":{"loc":{"start":{"line":222,"column":6},"end":{"line":224,"column":7}},"type":"if","locations":[{"start":{"line":222,"column":6},"end":{"line":224,"column":7}},{"start":{},"end":{}}],"line":222},"28":{"loc":{"start":{"line":222,"column":10},"end":{"line":222,"column":48}},"type":"binary-expr","locations":[{"start":{"line":222,"column":10},"end":{"line":222,"column":17}},{"start":{"line":222,"column":21},"end":{"line":222,"column":48}}],"line":222},"29":{"loc":{"start":{"line":227,"column":28},"end":{"line":227,"column":56}},"type":"binary-expr","locations":[{"start":{"line":227,"column":28},"end":{"line":227,"column":50}},{"start":{"line":227,"column":54},"end":{"line":227,"column":56}}],"line":227},"30":{"loc":{"start":{"line":230,"column":6},"end":{"line":232,"column":7}},"type":"if","locations":[{"start":{"line":230,"column":6},"end":{"line":232,"column":7}},{"start":{},"end":{}}],"line":230},"31":{"loc":{"start":{"line":234,"column":6},"end":{"line":236,"column":7}},"type":"if","locations":[{"start":{"line":234,"column":6},"end":{"line":236,"column":7}},{"start":{},"end":{}}],"line":234},"32":{"loc":{"start":{"line":234,"column":10},"end":{"line":234,"column":63}},"type":"binary-expr","locations":[{"start":{"line":234,"column":10},"end":{"line":234,"column":42}},{"start":{"line":234,"column":46},"end":{"line":234,"column":63}}],"line":234}},"s":{"0":6,"1":12,"2":12,"3":12,"4":2,"5":10,"6":10,"7":222,"8":10,"9":1,"10":9,"11":9,"12":9,"13":9,"14":9,"15":7,"16":7,"17":7,"18":7,"19":3,"20":0,"21":3,"22":3,"23":3,"24":3,"25":3,"26":3,"27":0,"28":0,"29":0,"30":3,"31":4,"32":2,"33":5,"34":5,"35":5,"36":1,"37":4,"38":4,"39":4,"40":4,"41":1,"42":3,"43":3,"44":6,"45":6,"46":6,"47":0,"48":6,"49":6,"50":6,"51":5,"52":6,"53":3,"54":3,"55":3,"56":2,"57":1,"58":0,"59":1,"60":1,"61":0,"62":3,"63":3,"64":0,"65":0,"66":0,"67":2,"68":5,"69":5,"70":5,"71":1,"72":4,"73":4,"74":4,"75":1,"76":3,"77":1,"78":2,"79":2,"80":1,"81":4,"82":6},"f":{"0":12,"1":222,"2":3,"3":0,"4":5,"5":6,"6":0,"7":5},"b":{"0":[8],"1":[7],"2":[2,10],"3":[222,213],"4":[1,9],"5":[9,0],"6":[3,4],"7":[0,3],"8":[3,0],"9":[0,0],"10":[0,0],"11":[5,0],"12":[1,4],"13":[5,4],"14":[4,0],"15":[4,0],"16":[1,3],"17":[2,4],"18":[2,4],"19":[0,6],"20":[6,6],"21":[5,1],"22":[2,1],"23":[0,1],"24":[1,0],"25":[0,0],"26":[0,0],"27":[1,4],"28":[5,4],"29":[4,0],"30":[1,3],"31":[1,2],"32":[3,2]},"_coverageSchema":"1a1c01bbd47fc00a2c39e90264f33305004495a9","hash":"edb586076b95925caa257bbe542c69f703ecbee0"}
,"C:\\Users\\rezao\\Documents\\hacktiv8\\p2\\IP-REZA\\server\\controllers\\OrderController.js": {"path":"C:\\Users\\rezao\\Documents\\hacktiv8\\p2\\IP-REZA\\server\\controllers\\OrderController.js","statementMap":{"0":{"start":{"line":1,"column":45},"end":{"line":1,"column":65}},"1":{"start":{"line":2,"column":34},"end":{"line":2,"column":64}},"2":{"start":{"line":6,"column":4},"end":{"line":91,"column":5}},"3":{"start":{"line":7,"column":21},"end":{"line":7,"column":32}},"4":{"start":{"line":9,"column":23},"end":{"line":9,"column":110}},"5":{"start":{"line":10,"column":28},"end":{"line":10,"column":96}},"6":{"start":{"line":13,"column":6},"end":{"line":15,"column":7}},"7":{"start":{"line":14,"column":8},"end":{"line":14,"column":71}},"8":{"start":{"line":17,"column":21},"end":{"line":17,"column":52}},"9":{"start":{"line":19,"column":6},"end":{"line":21,"column":7}},"10":{"start":{"line":20,"column":8},"end":{"line":20,"column":64}},"11":{"start":{"line":23,"column":19},"end":{"line":23,"column":46}},"12":{"start":{"line":25,"column":6},"end":{"line":27,"column":7}},"13":{"start":{"line":26,"column":8},"end":{"line":26,"column":62}},"14":{"start":{"line":29,"column":20},"end":{"line":35,"column":8}},"15":{"start":{"line":37,"column":6},"end":{"line":42,"column":9}},"16":{"start":{"line":45,"column":26},"end":{"line":58,"column":7}},"17":{"start":{"line":62,"column":6},"end":{"line":72,"column":7}},"18":{"start":{"line":63,"column":8},"end":{"line":63,"column":64}},"19":{"start":{"line":66,"column":8},"end":{"line":68,"column":11}},"20":{"start":{"line":70,"column":8},"end":{"line":70,"column":56}},"21":{"start":{"line":71,"column":8},"end":{"line":71,"column":95}},"22":{"start":{"line":74,"column":6},"end":{"line":88,"column":9}},"23":{"start":{"line":90,"column":6},"end":{"line":90,"column":18}},"24":{"start":{"line":95,"column":4},"end":{"line":158,"column":5}},"25":{"start":{"line":96,"column":37},"end":{"line":96,"column":67}},"26":{"start":{"line":98,"column":27},"end":{"line":98,"column":35}},"27":{"start":{"line":99,"column":29},"end":{"line":99,"column":67}},"28":{"start":{"line":101,"column":22},"end":{"line":101,"column":45}},"29":{"start":{"line":102,"column":32},"end":{"line":102,"column":65}},"30":{"start":{"line":103,"column":26},"end":{"line":103,"column":53}},"31":{"start":{"line":106,"column":24},"end":{"line":106,"column":45}},"32":{"start":{"line":109,"column":20},"end":{"line":111,"column":8}},"33":{"start":{"line":113,"column":6},"end":{"line":115,"column":7}},"34":{"start":{"line":114,"column":8},"end":{"line":114,"column":91}},"35":{"start":{"line":120,"column":6},"end":{"line":134,"column":7}},"36":{"start":{"line":121,"column":8},"end":{"line":125,"column":9}},"37":{"start":{"line":122,"column":10},"end":{"line":122,"column":38}},"38":{"start":{"line":123,"column":15},"end":{"line":125,"column":9}},"39":{"start":{"line":124,"column":10},"end":{"line":124,"column":36}},"40":{"start":{"line":126,"column":13},"end":{"line":134,"column":7}},"41":{"start":{"line":127,"column":8},"end":{"line":127,"column":34}},"42":{"start":{"line":128,"column":13},"end":{"line":134,"column":7}},"43":{"start":{"line":131,"column":8},"end":{"line":131,"column":34}},"44":{"start":{"line":132,"column":13},"end":{"line":134,"column":7}},"45":{"start":{"line":133,"column":8},"end":{"line":133,"column":34}},"46":{"start":{"line":136,"column":6},"end":{"line":136,"column":44}},"47":{"start":{"line":139,"column":6},"end":{"line":152,"column":7}},"48":{"start":{"line":140,"column":28},"end":{"line":142,"column":10}},"49":{"start":{"line":144,"column":8},"end":{"line":151,"column":9}},"50":{"start":{"line":145,"column":25},"end":{"line":145,"column":68}},"51":{"start":{"line":146,"column":10},"end":{"line":150,"column":11}},"52":{"start":{"line":147,"column":12},"end":{"line":149,"column":15}},"53":{"start":{"line":154,"column":6},"end":{"line":154,"column":46}},"54":{"start":{"line":156,"column":6},"end":{"line":156,"column":50}},"55":{"start":{"line":157,"column":6},"end":{"line":157,"column":71}},"56":{"start":{"line":162,"column":4},"end":{"line":183,"column":5}},"57":{"start":{"line":163,"column":21},"end":{"line":163,"column":31}},"58":{"start":{"line":164,"column":20},"end":{"line":169,"column":8}},"59":{"start":{"line":171,"column":6},"end":{"line":173,"column":7}},"60":{"start":{"line":172,"column":8},"end":{"line":172,"column":63}},"61":{"start":{"line":176,"column":6},"end":{"line":178,"column":7}},"62":{"start":{"line":177,"column":8},"end":{"line":177,"column":93}},"63":{"start":{"line":180,"column":6},"end":{"line":180,"column":34}},"64":{"start":{"line":182,"column":6},"end":{"line":182,"column":18}},"65":{"start":{"line":187,"column":0},"end":{"line":187,"column":33}}},"fnMap":{"0":{"name":"(anonymous_0)","decl":{"start":{"line":5,"column":2},"end":{"line":5,"column":3}},"loc":{"start":{"line":5,"column":40},"end":{"line":92,"column":3}},"line":5},"1":{"name":"(anonymous_1)","decl":{"start":{"line":94,"column":2},"end":{"line":94,"column":3}},"loc":{"start":{"line":94,"column":50},"end":{"line":159,"column":3}},"line":94},"2":{"name":"(anonymous_2)","decl":{"start":{"line":161,"column":2},"end":{"line":161,"column":3}},"loc":{"start":{"line":161,"column":46},"end":{"line":184,"column":3}},"line":161}},"branchMap":{"0":{"loc":{"start":{"line":9,"column":23},"end":{"line":9,"column":110}},"type":"binary-expr","locations":[{"start":{"line":9,"column":23},"end":{"line":9,"column":41}},{"start":{"line":9,"column":45},"end":{"line":9,"column":63}},{"start":{"line":9,"column":67},"end":{"line":9,"column":86}},{"start":{"line":9,"column":90},"end":{"line":9,"column":110}}],"line":9},"1":{"loc":{"start":{"line":10,"column":28},"end":{"line":10,"column":96}},"type":"binary-expr","locations":[{"start":{"line":10,"column":28},"end":{"line":10,"column":51}},{"start":{"line":10,"column":55},"end":{"line":10,"column":79}},{"start":{"line":10,"column":83},"end":{"line":10,"column":96}}],"line":10},"2":{"loc":{"start":{"line":13,"column":6},"end":{"line":15,"column":7}},"type":"if","locations":[{"start":{"line":13,"column":6},"end":{"line":15,"column":7}},{"start":{},"end":{}}],"line":13},"3":{"loc":{"start":{"line":19,"column":6},"end":{"line":21,"column":7}},"type":"if","locations":[{"start":{"line":19,"column":6},"end":{"line":21,"column":7}},{"start":{},"end":{}}],"line":19},"4":{"loc":{"start":{"line":25,"column":6},"end":{"line":27,"column":7}},"type":"if","locations":[{"start":{"line":25,"column":6},"end":{"line":27,"column":7}},{"start":{},"end":{}}],"line":25},"5":{"loc":{"start":{"line":113,"column":6},"end":{"line":115,"column":7}},"type":"if","locations":[{"start":{"line":113,"column":6},"end":{"line":115,"column":7}},{"start":{},"end":{}}],"line":113},"6":{"loc":{"start":{"line":120,"column":6},"end":{"line":134,"column":7}},"type":"if","locations":[{"start":{"line":120,"column":6},"end":{"line":134,"column":7}},{"start":{"line":126,"column":13},"end":{"line":134,"column":7}}],"line":120},"7":{"loc":{"start":{"line":121,"column":8},"end":{"line":125,"column":9}},"type":"if","locations":[{"start":{"line":121,"column":8},"end":{"line":125,"column":9}},{"start":{"line":123,"column":15},"end":{"line":125,"column":9}}],"line":121},"8":{"loc":{"start":{"line":123,"column":15},"end":{"line":125,"column":9}},"type":"if","locations":[{"start":{"line":123,"column":15},"end":{"line":125,"column":9}},{"start":{},"end":{}}],"line":123},"9":{"loc":{"start":{"line":126,"column":13},"end":{"line":134,"column":7}},"type":"if","locations":[{"start":{"line":126,"column":13},"end":{"line":134,"column":7}},{"start":{"line":128,"column":13},"end":{"line":134,"column":7}}],"line":126},"10":{"loc":{"start":{"line":128,"column":13},"end":{"line":134,"column":7}},"type":"if","locations":[{"start":{"line":128,"column":13},"end":{"line":134,"column":7}},{"start":{"line":132,"column":13},"end":{"line":134,"column":7}}],"line":128},"11":{"loc":{"start":{"line":128,"column":17},"end":{"line":130,"column":45}},"type":"binary-expr","locations":[{"start":{"line":128,"column":17},"end":{"line":128,"column":46}},{"start":{"line":129,"column":16},"end":{"line":129,"column":43}},{"start":{"line":130,"column":16},"end":{"line":130,"column":45}}],"line":128},"12":{"loc":{"start":{"line":132,"column":13},"end":{"line":134,"column":7}},"type":"if","locations":[{"start":{"line":132,"column":13},"end":{"line":134,"column":7}},{"start":{},"end":{}}],"line":132},"13":{"loc":{"start":{"line":139,"column":6},"end":{"line":152,"column":7}},"type":"if","locations":[{"start":{"line":139,"column":6},"end":{"line":152,"column":7}},{"start":{},"end":{}}],"line":139},"14":{"loc":{"start":{"line":144,"column":8},"end":{"line":151,"column":9}},"type":"if","locations":[{"start":{"line":144,"column":8},"end":{"line":151,"column":9}},{"start":{},"end":{}}],"line":144},"15":{"loc":{"start":{"line":146,"column":10},"end":{"line":150,"column":11}},"type":"if","locations":[{"start":{"line":146,"column":10},"end":{"line":150,"column":11}},{"start":{},"end":{}}],"line":146},"16":{"loc":{"start":{"line":171,"column":6},"end":{"line":173,"column":7}},"type":"if","locations":[{"start":{"line":171,"column":6},"end":{"line":173,"column":7}},{"start":{},"end":{}}],"line":171},"17":{"loc":{"start":{"line":176,"column":6},"end":{"line":178,"column":7}},"type":"if","locations":[{"start":{"line":176,"column":6},"end":{"line":178,"column":7}},{"start":{},"end":{}}],"line":176}},"s":{"0":6,"1":6,"2":11,"3":11,"4":11,"5":11,"6":11,"7":2,"8":9,"9":9,"10":2,"11":7,"12":7,"13":1,"14":6,"15":6,"16":6,"17":6,"18":6,"19":4,"20":2,"21":2,"22":4,"23":7,"24":9,"25":9,"26":9,"27":9,"28":8,"29":8,"30":8,"31":8,"32":8,"33":8,"34":1,"35":7,"36":2,"37":1,"38":1,"39":1,"40":5,"41":1,"42":4,"43":3,"44":1,"45":1,"46":7,"47":7,"48":2,"49":2,"50":2,"51":2,"52":2,"53":7,"54":2,"55":2,"56":4,"57":4,"58":4,"59":3,"60":1,"61":2,"62":1,"63":1,"64":3,"65":6},"f":{"0":11,"1":9,"2":4},"b":{"0":[11,5,4,3],"1":[11,7,7],"2":[2,9],"3":[2,7],"4":[1,6],"5":[1,7],"6":[2,5],"7":[1,1],"8":[1,0],"9":[1,4],"10":[3,1],"11":[4,3,2],"12":[1,0],"13":[2,5],"14":[2,0],"15":[2,0],"16":[1,2],"17":[1,1]},"_coverageSchema":"1a1c01bbd47fc00a2c39e90264f33305004495a9","hash":"8773ae7988728870e1ed96f5c7e59b5751a20f91"}
,"C:\\Users\\rezao\\Documents\\hacktiv8\\p2\\IP-REZA\\server\\controllers\\UserController.js": {"path":"C:\\Users\\rezao\\Documents\\hacktiv8\\p2\\IP-REZA\\server\\controllers\\UserController.js","statementMap":{"0":{"start":{"line":1,"column":28},"end":{"line":1,"column":56}},"1":{"start":{"line":2,"column":22},"end":{"line":2,"column":47}},"2":{"start":{"line":3,"column":30},"end":{"line":3,"column":62}},"3":{"start":{"line":4,"column":17},"end":{"line":4,"column":37}},"4":{"start":{"line":8,"column":4},"end":{"line":8,"column":49}},"5":{"start":{"line":12,"column":4},"end":{"line":20,"column":5}},"6":{"start":{"line":13,"column":19},"end":{"line":13,"column":46}},"7":{"start":{"line":14,"column":21},"end":{"line":14,"column":34}},"8":{"start":{"line":15,"column":6},"end":{"line":15,"column":29}},"9":{"start":{"line":17,"column":6},"end":{"line":17,"column":42}},"10":{"start":{"line":19,"column":6},"end":{"line":19,"column":18}},"11":{"start":{"line":24,"column":4},"end":{"line":54,"column":5}},"12":{"start":{"line":25,"column":34},"end":{"line":25,"column":42}},"13":{"start":{"line":27,"column":6},"end":{"line":29,"column":7}},"14":{"start":{"line":28,"column":8},"end":{"line":28,"column":67}},"15":{"start":{"line":31,"column":6},"end":{"line":33,"column":7}},"16":{"start":{"line":32,"column":8},"end":{"line":32,"column":70}},"17":{"start":{"line":35,"column":19},"end":{"line":37,"column":8}},"18":{"start":{"line":39,"column":6},"end":{"line":41,"column":7}},"19":{"start":{"line":40,"column":8},"end":{"line":40,"column":74}},"20":{"start":{"line":43,"column":22},"end":{"line":43,"column":62}},"21":{"start":{"line":45,"column":6},"end":{"line":47,"column":7}},"22":{"start":{"line":46,"column":8},"end":{"line":46,"column":74}},"23":{"start":{"line":49,"column":27},"end":{"line":49,"column":53}},"24":{"start":{"line":51,"column":6},"end":{"line":51,"column":45}},"25":{"start":{"line":53,"column":6},"end":{"line":53,"column":18}},"26":{"start":{"line":58,"column":4},"end":{"line":95,"column":5}},"27":{"start":{"line":59,"column":24},"end":{"line":59,"column":32}},"28":{"start":{"line":61,"column":6},"end":{"line":63,"column":7}},"29":{"start":{"line":62,"column":8},"end":{"line":62,"column":74}},"30":{"start":{"line":66,"column":29},"end":{"line":66,"column":59}},"31":{"start":{"line":69,"column":17},"end":{"line":71,"column":8}},"32":{"start":{"line":73,"column":6},"end":{"line":82,"column":7}},"33":{"start":{"line":75,"column":8},"end":{"line":81,"column":11}},"34":{"start":{"line":85,"column":27},"end":{"line":85,"column":53}},"35":{"start":{"line":87,"column":6},"end":{"line":92,"column":9}},"36":{"start":{"line":94,"column":6},"end":{"line":94,"column":18}},"37":{"start":{"line":99,"column":4},"end":{"line":114,"column":5}},"38":{"start":{"line":100,"column":21},"end":{"line":100,"column":32}},"39":{"start":{"line":102,"column":19},"end":{"line":102,"column":46}},"40":{"start":{"line":103,"column":6},"end":{"line":105,"column":7}},"41":{"start":{"line":104,"column":8},"end":{"line":104,"column":62}},"42":{"start":{"line":107,"column":6},"end":{"line":109,"column":9}},"43":{"start":{"line":111,"column":6},"end":{"line":111,"column":86}},"44":{"start":{"line":113,"column":6},"end":{"line":113,"column":18}},"45":{"start":{"line":118,"column":4},"end":{"line":134,"column":5}},"46":{"start":{"line":119,"column":21},"end":{"line":119,"column":32}},"47":{"start":{"line":121,"column":19},"end":{"line":125,"column":8}},"48":{"start":{"line":127,"column":6},"end":{"line":129,"column":7}},"49":{"start":{"line":128,"column":8},"end":{"line":128,"column":62}},"50":{"start":{"line":131,"column":6},"end":{"line":131,"column":33}},"51":{"start":{"line":133,"column":6},"end":{"line":133,"column":18}},"52":{"start":{"line":138,"column":4},"end":{"line":173,"column":5}},"53":{"start":{"line":139,"column":21},"end":{"line":139,"column":32}},"54":{"start":{"line":140,"column":55},"end":{"line":140,"column":63}},"55":{"start":{"line":142,"column":19},"end":{"line":142,"column":46}},"56":{"start":{"line":144,"column":6},"end":{"line":146,"column":7}},"57":{"start":{"line":145,"column":8},"end":{"line":145,"column":62}},"58":{"start":{"line":148,"column":25},"end":{"line":154,"column":7}},"59":{"start":{"line":156,"column":6},"end":{"line":159,"column":8}},"60":{"start":{"line":161,"column":26},"end":{"line":165,"column":8}},"61":{"start":{"line":167,"column":6},"end":{"line":170,"column":9}},"62":{"start":{"line":172,"column":6},"end":{"line":172,"column":18}},"63":{"start":{"line":177,"column":0},"end":{"line":177,"column":32}}},"fnMap":{"0":{"name":"(anonymous_0)","decl":{"start":{"line":7,"column":2},"end":{"line":7,"column":3}},"loc":{"start":{"line":7,"column":24},"end":{"line":9,"column":3}},"line":7},"1":{"name":"(anonymous_1)","decl":{"start":{"line":11,"column":2},"end":{"line":11,"column":3}},"loc":{"start":{"line":11,"column":40},"end":{"line":21,"column":3}},"line":11},"2":{"name":"(anonymous_2)","decl":{"start":{"line":23,"column":2},"end":{"line":23,"column":3}},"loc":{"start":{"line":23,"column":37},"end":{"line":55,"column":3}},"line":23},"3":{"name":"(anonymous_3)","decl":{"start":{"line":57,"column":2},"end":{"line":57,"column":3}},"loc":{"start":{"line":57,"column":43},"end":{"line":96,"column":3}},"line":57},"4":{"name":"(anonymous_4)","decl":{"start":{"line":98,"column":2},"end":{"line":98,"column":3}},"loc":{"start":{"line":98,"column":45},"end":{"line":115,"column":3}},"line":98},"5":{"name":"(anonymous_5)","decl":{"start":{"line":117,"column":2},"end":{"line":117,"column":3}},"loc":{"start":{"line":117,"column":42},"end":{"line":135,"column":3}},"line":117},"6":{"name":"(anonymous_6)","decl":{"start":{"line":137,"column":2},"end":{"line":137,"column":3}},"loc":{"start":{"line":137,"column":45},"end":{"line":174,"column":3}},"line":137}},"branchMap":{"0":{"loc":{"start":{"line":27,"column":6},"end":{"line":29,"column":7}},"type":"if","locations":[{"start":{"line":27,"column":6},"end":{"line":29,"column":7}},{"start":{},"end":{}}],"line":27},"1":{"loc":{"start":{"line":31,"column":6},"end":{"line":33,"column":7}},"type":"if","locations":[{"start":{"line":31,"column":6},"end":{"line":33,"column":7}},{"start":{},"end":{}}],"line":31},"2":{"loc":{"start":{"line":39,"column":6},"end":{"line":41,"column":7}},"type":"if","locations":[{"start":{"line":39,"column":6},"end":{"line":41,"column":7}},{"start":{},"end":{}}],"line":39},"3":{"loc":{"start":{"line":45,"column":6},"end":{"line":47,"column":7}},"type":"if","locations":[{"start":{"line":45,"column":6},"end":{"line":47,"column":7}},{"start":{},"end":{}}],"line":45},"4":{"loc":{"start":{"line":61,"column":6},"end":{"line":63,"column":7}},"type":"if","locations":[{"start":{"line":61,"column":6},"end":{"line":63,"column":7}},{"start":{},"end":{}}],"line":61},"5":{"loc":{"start":{"line":73,"column":6},"end":{"line":82,"column":7}},"type":"if","locations":[{"start":{"line":73,"column":6},"end":{"line":82,"column":7}},{"start":{},"end":{}}],"line":73},"6":{"loc":{"start":{"line":103,"column":6},"end":{"line":105,"column":7}},"type":"if","locations":[{"start":{"line":103,"column":6},"end":{"line":105,"column":7}},{"start":{},"end":{}}],"line":103},"7":{"loc":{"start":{"line":127,"column":6},"end":{"line":129,"column":7}},"type":"if","locations":[{"start":{"line":127,"column":6},"end":{"line":129,"column":7}},{"start":{},"end":{}}],"line":127},"8":{"loc":{"start":{"line":144,"column":6},"end":{"line":146,"column":7}},"type":"if","locations":[{"start":{"line":144,"column":6},"end":{"line":146,"column":7}},{"start":{},"end":{}}],"line":144}},"s":{"0":6,"1":6,"2":6,"3":6,"4":3,"5":5,"6":5,"7":3,"8":1,"9":1,"10":4,"11":10,"12":10,"13":10,"14":2,"15":8,"16":2,"17":6,"18":6,"19":2,"20":4,"21":4,"22":2,"23":2,"24":2,"25":8,"26":5,"27":5,"28":5,"29":1,"30":4,"31":3,"32":3,"33":2,"34":3,"35":3,"36":2,"37":3,"38":3,"39":3,"40":3,"41":1,"42":2,"43":2,"44":1,"45":2,"46":2,"47":2,"48":2,"49":1,"50":1,"51":1,"52":2,"53":2,"54":2,"55":2,"56":2,"57":1,"58":1,"59":1,"60":1,"61":1,"62":1,"63":6},"f":{"0":3,"1":5,"2":10,"3":5,"4":3,"5":2,"6":2},"b":{"0":[2,8],"1":[2,6],"2":[2,4],"3":[2,2],"4":[1,4],"5":[2,1],"6":[1,2],"7":[1,1],"8":[1,1]},"_coverageSchema":"1a1c01bbd47fc00a2c39e90264f33305004495a9","hash":"f5bb562c990647aa501cf24f2180e64845be22ac"}
,"C:\\Users\\rezao\\Documents\\hacktiv8\\p2\\IP-REZA\\server\\helpers\\bcrypt.js": {"path":"C:\\Users\\rezao\\Documents\\hacktiv8\\p2\\IP-REZA\\server\\helpers\\bcrypt.js","statementMap":{"0":{"start":{"line":1,"column":15},"end":{"line":1,"column":34}},"1":{"start":{"line":2,"column":21},"end":{"line":5,"column":1}},"2":{"start":{"line":3,"column":15},"end":{"line":3,"column":37}},"3":{"start":{"line":4,"column":2},"end":{"line":4,"column":41}},"4":{"start":{"line":7,"column":24},"end":{"line":9,"column":1}},"5":{"start":{"line":8,"column":2},"end":{"line":8,"column":54}},"6":{"start":{"line":11,"column":0},"end":{"line":11,"column":51}}},"fnMap":{"0":{"name":"(anonymous_0)","decl":{"start":{"line":2,"column":21},"end":{"line":2,"column":22}},"loc":{"start":{"line":2,"column":35},"end":{"line":5,"column":1}},"line":2},"1":{"name":"(anonymous_1)","decl":{"start":{"line":7,"column":24},"end":{"line":7,"column":25}},"loc":{"start":{"line":7,"column":54},"end":{"line":9,"column":1}},"line":7}},"branchMap":{},"s":{"0":5,"1":5,"2":2,"3":2,"4":5,"5":2,"6":5},"f":{"0":2,"1":2},"b":{},"_coverageSchema":"1a1c01bbd47fc00a2c39e90264f33305004495a9","hash":"de8641128f78571cd9e7d63cb4f74ed9e384c5cf"}
,"C:\\Users\\rezao\\Documents\\hacktiv8\\p2\\IP-REZA\\server\\helpers\\gemini.js": {"path":"C:\\Users\\rezao\\Documents\\hacktiv8\\p2\\IP-REZA\\server\\helpers\\gemini.js","statementMap":{"0":{"start":{"line":1,"column":31},"end":{"line":1,"column":63}},"1":{"start":{"line":4,"column":19},"end":{"line":15,"column":1}},"2":{"start":{"line":6,"column":17},"end":{"line":6,"column":43}},"3":{"start":{"line":8,"column":2},"end":{"line":10,"column":3}},"4":{"start":{"line":9,"column":4},"end":{"line":9,"column":78}},"5":{"start":{"line":13,"column":16},"end":{"line":13,"column":46}},"6":{"start":{"line":14,"column":2},"end":{"line":14,"column":15}},"7":{"start":{"line":18,"column":23},"end":{"line":21,"column":1}},"8":{"start":{"line":19,"column":16},"end":{"line":19,"column":28}},"9":{"start":{"line":20,"column":2},"end":{"line":20,"column":56}},"10":{"start":{"line":24,"column":24},"end":{"line":33,"column":1}},"11":{"start":{"line":25,"column":2},"end":{"line":32,"column":3}},"12":{"start":{"line":26,"column":18},"end":{"line":26,"column":43}},"13":{"start":{"line":27,"column":19},"end":{"line":27,"column":54}},"14":{"start":{"line":28,"column":4},"end":{"line":28,"column":34}},"15":{"start":{"line":30,"column":4},"end":{"line":30,"column":66}},"16":{"start":{"line":31,"column":4},"end":{"line":31,"column":16}},"17":{"start":{"line":35,"column":0},"end":{"line":39,"column":2}}},"fnMap":{"0":{"name":"(anonymous_0)","decl":{"start":{"line":4,"column":19},"end":{"line":4,"column":20}},"loc":{"start":{"line":4,"column":25},"end":{"line":15,"column":1}},"line":4},"1":{"name":"(anonymous_1)","decl":{"start":{"line":18,"column":23},"end":{"line":18,"column":24}},"loc":{"start":{"line":18,"column":57},"end":{"line":21,"column":1}},"line":18},"2":{"name":"(anonymous_2)","decl":{"start":{"line":24,"column":24},"end":{"line":24,"column":25}},"loc":{"start":{"line":24,"column":72},"end":{"line":33,"column":1}},"line":24}},"branchMap":{"0":{"loc":{"start":{"line":8,"column":2},"end":{"line":10,"column":3}},"type":"if","locations":[{"start":{"line":8,"column":2},"end":{"line":10,"column":3}},{"start":{},"end":{}}],"line":8},"1":{"loc":{"start":{"line":18,"column":24},"end":{"line":18,"column":52}},"type":"default-arg","locations":[{"start":{"line":18,"column":36},"end":{"line":18,"column":52}}],"line":18},"2":{"loc":{"start":{"line":24,"column":39},"end":{"line":24,"column":67}},"type":"default-arg","locations":[{"start":{"line":24,"column":51},"end":{"line":24,"column":67}}],"line":24}},"s":{"0":5,"1":5,"2":6,"3":6,"4":1,"5":5,"6":5,"7":5,"8":4,"9":4,"10":5,"11":2,"12":2,"13":2,"14":1,"15":1,"16":1,"17":5},"f":{"0":6,"1":4,"2":2},"b":{"0":[1,5],"1":[1],"2":[2]},"_coverageSchema":"1a1c01bbd47fc00a2c39e90264f33305004495a9","hash":"69afaee86bce819a81d1bfcd60a717c6cfdb40a4"}
,"C:\\Users\\rezao\\Documents\\hacktiv8\\p2\\IP-REZA\\server\\helpers\\googleAuth.js": {"path":"C:\\Users\\rezao\\Documents\\hacktiv8\\p2\\IP-REZA\\server\\helpers\\googleAuth.js","statementMap":{"0":{"start":{"line":1,"column":25},"end":{"line":1,"column":55}},"1":{"start":{"line":4,"column":15},"end":{"line":4,"column":61}},"2":{"start":{"line":7,"column":2},"end":{"line":23,"column":3}},"3":{"start":{"line":8,"column":19},"end":{"line":11,"column":6}},"4":{"start":{"line":13,"column":20},"end":{"line":13,"column":39}},"5":{"start":{"line":15,"column":4},"end":{"line":19,"column":6}},"6":{"start":{"line":21,"column":4},"end":{"line":21,"column":58}},"7":{"start":{"line":22,"column":4},"end":{"line":22,"column":68}},"8":{"start":{"line":26,"column":0},"end":{"line":26,"column":39}}},"fnMap":{"0":{"name":"verifyGoogleToken","decl":{"start":{"line":6,"column":15},"end":{"line":6,"column":32}},"loc":{"start":{"line":6,"column":40},"end":{"line":24,"column":1}},"line":6}},"branchMap":{},"s":{"0":7,"1":7,"2":3,"3":3,"4":1,"5":1,"6":2,"7":2,"8":7},"f":{"0":3},"b":{},"_coverageSchema":"1a1c01bbd47fc00a2c39e90264f33305004495a9","hash":"e6db725c953673448a3ffe22bc373ddc754dc086"}
,"C:\\Users\\rezao\\Documents\\hacktiv8\\p2\\IP-REZA\\server\\helpers\\jwt.js": {"path":"C:\\Users\\rezao\\Documents\\hacktiv8\\p2\\IP-REZA\\server\\helpers\\jwt.js","statementMap":{"0":{"start":{"line":1,"column":25},"end":{"line":1,"column":48}},"1":{"start":{"line":2,"column":19},"end":{"line":2,"column":41}},"2":{"start":{"line":5,"column":2},"end":{"line":5,"column":34}},"3":{"start":{"line":9,"column":2},"end":{"line":9,"column":35}},"4":{"start":{"line":12,"column":0},"end":{"line":12,"column":44}}},"fnMap":{"0":{"name":"signToken","decl":{"start":{"line":4,"column":9},"end":{"line":4,"column":18}},"loc":{"start":{"line":4,"column":27},"end":{"line":6,"column":1}},"line":4},"1":{"name":"verifyToken","decl":{"start":{"line":8,"column":9},"end":{"line":8,"column":20}},"loc":{"start":{"line":8,"column":28},"end":{"line":10,"column":1}},"line":8}},"branchMap":{},"s":{"0":5,"1":5,"2":6,"3":6,"4":5},"f":{"0":6,"1":6},"b":{},"_coverageSchema":"1a1c01bbd47fc00a2c39e90264f33305004495a9","hash":"0bba70eecac01ca4852e2517f152ff944980b906"}
,"C:\\Users\\rezao\\Documents\\hacktiv8\\p2\\IP-REZA\\server\\helpers\\midtrans.js": {"path":"C:\\Users\\rezao\\Documents\\hacktiv8\\p2\\IP-REZA\\server\\helpers\\midtrans.js","statementMap":{"0":{"start":{"line":1,"column":23},"end":{"line":1,"column":49}},"1":{"start":{"line":4,"column":28},"end":{"line":4,"column":59}},"2":{"start":{"line":5,"column":28},"end":{"line":5,"column":59}},"3":{"start":{"line":6,"column":19},"end":{"line":6,"column":41}},"4":{"start":{"line":9,"column":30},"end":{"line":47,"column":1}},"5":{"start":{"line":10,"column":2},"end":{"line":46,"column":3}},"6":{"start":{"line":12,"column":15},"end":{"line":17,"column":6}},"7":{"start":{"line":20,"column":22},"end":{"line":38,"column":5}},"8":{"start":{"line":41,"column":30},"end":{"line":41,"column":69}},"9":{"start":{"line":42,"column":4},"end":{"line":42,"column":29}},"10":{"start":{"line":44,"column":4},"end":{"line":44,"column":65}},"11":{"start":{"line":45,"column":4},"end":{"line":45,"column":16}},"12":{"start":{"line":50,"column":31},"end":{"line":66,"column":1}},"13":{"start":{"line":51,"column":2},"end":{"line":65,"column":3}},"14":{"start":{"line":53,"column":15},"end":{"line":57,"column":6}},"15":{"start":{"line":60,"column":27},"end":{"line":60,"column":65}},"16":{"start":{"line":61,"column":4},"end":{"line":61,"column":26}},"17":{"start":{"line":63,"column":4},"end":{"line":63,"column":63}},"18":{"start":{"line":64,"column":4},"end":{"line":64,"column":16}},"19":{"start":{"line":69,"column":27},"end":{"line":87,"column":1}},"20":{"start":{"line":70,"column":2},"end":{"line":86,"column":3}},"21":{"start":{"line":72,"column":15},"end":{"line":76,"column":6}},"22":{"start":{"line":79,"column":31},"end":{"line":81,"column":5}},"23":{"start":{"line":82,"column":4},"end":{"line":82,"column":30}},"24":{"start":{"line":84,"column":4},"end":{"line":84,"column":58}},"25":{"start":{"line":85,"column":4},"end":{"line":85,"column":16}},"26":{"start":{"line":89,"column":0},"end":{"line":93,"column":2}}},"fnMap":{"0":{"name":"(anonymous_0)","decl":{"start":{"line":9,"column":30},"end":{"line":9,"column":31}},"loc":{"start":{"line":9,"column":53},"end":{"line":47,"column":1}},"line":9},"1":{"name":"(anonymous_1)","decl":{"start":{"line":50,"column":31},"end":{"line":50,"column":32}},"loc":{"start":{"line":50,"column":50},"end":{"line":66,"column":1}},"line":50},"2":{"name":"(anonymous_2)","decl":{"start":{"line":69,"column":27},"end":{"line":69,"column":28}},"loc":{"start":{"line":69,"column":55},"end":{"line":87,"column":1}},"line":69}},"branchMap":{},"s":{"0":10,"1":10,"2":10,"3":10,"4":10,"5":2,"6":2,"7":2,"8":2,"9":2,"10":0,"11":0,"12":10,"13":2,"14":2,"15":2,"16":2,"17":0,"18":0,"19":10,"20":2,"21":2,"22":2,"23":2,"24":0,"25":0,"26":10},"f":{"0":2,"1":2,"2":2},"b":{},"_coverageSchema":"1a1c01bbd47fc00a2c39e90264f33305004495a9","hash":"e31363b4d01366cc3b439c2dd964e45ac1d247f9"}
,"C:\\Users\\rezao\\Documents\\hacktiv8\\p2\\IP-REZA\\server\\middlewares\\authentication.js": {"path":"C:\\Users\\rezao\\Documents\\hacktiv8\\p2\\IP-REZA\\server\\middlewares\\authentication.js","statementMap":{"0":{"start":{"line":1,"column":24},"end":{"line":1,"column":49}},"1":{"start":{"line":2,"column":17},"end":{"line":2,"column":37}},"2":{"start":{"line":5,"column":2},"end":{"line":31,"column":3}},"3":{"start":{"line":6,"column":30},"end":{"line":6,"column":41}},"4":{"start":{"line":8,"column":8},"end":{"line":10,"column":9}},"5":{"start":{"line":9,"column":12},"end":{"line":9,"column":68}},"6":{"start":{"line":12,"column":25},"end":{"line":12,"column":49}},"7":{"start":{"line":13,"column":26},"end":{"line":13,"column":37}},"8":{"start":{"line":14,"column":27},"end":{"line":14,"column":38}},"9":{"start":{"line":16,"column":8},"end":{"line":18,"column":9}},"10":{"start":{"line":17,"column":12},"end":{"line":17,"column":73}},"11":{"start":{"line":20,"column":23},"end":{"line":20,"column":46}},"12":{"start":{"line":21,"column":21},"end":{"line":21,"column":51}},"13":{"start":{"line":23,"column":8},"end":{"line":25,"column":9}},"14":{"start":{"line":24,"column":12},"end":{"line":24,"column":73}},"15":{"start":{"line":27,"column":8},"end":{"line":27,"column":32}},"16":{"start":{"line":28,"column":4},"end":{"line":28,"column":11}},"17":{"start":{"line":30,"column":4},"end":{"line":30,"column":16}},"18":{"start":{"line":34,"column":0},"end":{"line":34,"column":32}}},"fnMap":{"0":{"name":"authentication","decl":{"start":{"line":4,"column":15},"end":{"line":4,"column":29}},"loc":{"start":{"line":4,"column":46},"end":{"line":32,"column":1}},"line":4}},"branchMap":{"0":{"loc":{"start":{"line":8,"column":8},"end":{"line":10,"column":9}},"type":"if","locations":[{"start":{"line":8,"column":8},"end":{"line":10,"column":9}},{"start":{},"end":{}}],"line":8},"1":{"loc":{"start":{"line":16,"column":8},"end":{"line":18,"column":9}},"type":"if","locations":[{"start":{"line":16,"column":8},"end":{"line":18,"column":9}},{"start":{},"end":{}}],"line":16},"2":{"loc":{"start":{"line":16,"column":12},"end":{"line":16,"column":49}},"type":"binary-expr","locations":[{"start":{"line":16,"column":12},"end":{"line":16,"column":34}},{"start":{"line":16,"column":38},"end":{"line":16,"column":49}}],"line":16},"3":{"loc":{"start":{"line":23,"column":8},"end":{"line":25,"column":9}},"type":"if","locations":[{"start":{"line":23,"column":8},"end":{"line":25,"column":9}},{"start":{},"end":{}}],"line":23}},"s":{"0":6,"1":6,"2":17,"3":17,"4":17,"5":6,"6":11,"7":11,"8":11,"9":11,"10":2,"11":9,"12":7,"13":7,"14":1,"15":6,"16":6,"17":11,"18":6},"f":{"0":17},"b":{"0":[6,11],"1":[2,9],"2":[11,10],"3":[1,6]},"_coverageSchema":"1a1c01bbd47fc00a2c39e90264f33305004495a9","hash":"b1359e5651afd7321db6766cadf1cfeba90bf11c"}
,"C:\\Users\\rezao\\Documents\\hacktiv8\\p2\\IP-REZA\\server\\middlewares\\errorHandler.js": {"path":"C:\\Users\\rezao\\Documents\\hacktiv8\\p2\\IP-REZA\\server\\middlewares\\errorHandler.js","statementMap":{"0":{"start":{"line":2,"column":2},"end":{"line":7,"column":3}},"1":{"start":{"line":6,"column":4},"end":{"line":6,"column":70}},"2":{"start":{"line":9,"column":2},"end":{"line":11,"column":3}},"3":{"start":{"line":10,"column":4},"end":{"line":10,"column":60}},"4":{"start":{"line":13,"column":2},"end":{"line":15,"column":3}},"5":{"start":{"line":14,"column":4},"end":{"line":14,"column":62}},"6":{"start":{"line":17,"column":2},"end":{"line":19,"column":3}},"7":{"start":{"line":18,"column":4},"end":{"line":18,"column":60}},"8":{"start":{"line":21,"column":2},"end":{"line":23,"column":3}},"9":{"start":{"line":22,"column":4},"end":{"line":22,"column":60}},"10":{"start":{"line":25,"column":2},"end":{"line":27,"column":3}},"11":{"start":{"line":26,"column":4},"end":{"line":26,"column":60}},"12":{"start":{"line":29,"column":2},"end":{"line":29,"column":61}},"13":{"start":{"line":32,"column":0},"end":{"line":32,"column":30}}},"fnMap":{"0":{"name":"errorHandler","decl":{"start":{"line":1,"column":9},"end":{"line":1,"column":21}},"loc":{"start":{"line":1,"column":45},"end":{"line":30,"column":1}},"line":1}},"branchMap":{"0":{"loc":{"start":{"line":2,"column":2},"end":{"line":7,"column":3}},"type":"if","locations":[{"start":{"line":2,"column":2},"end":{"line":7,"column":3}},{"start":{},"end":{}}],"line":2},"1":{"loc":{"start":{"line":3,"column":4},"end":{"line":4,"column":51}},"type":"binary-expr","locations":[{"start":{"line":3,"column":4},"end":{"line":3,"column":45}},{"start":{"line":4,"column":4},"end":{"line":4,"column":51}}],"line":3},"2":{"loc":{"start":{"line":9,"column":2},"end":{"line":11,"column":3}},"type":"if","locations":[{"start":{"line":9,"column":2},"end":{"line":11,"column":3}},{"start":{},"end":{}}],"line":9},"3":{"loc":{"start":{"line":13,"column":2},"end":{"line":15,"column":3}},"type":"if","locations":[{"start":{"line":13,"column":2},"end":{"line":15,"column":3}},{"start":{},"end":{}}],"line":13},"4":{"loc":{"start":{"line":17,"column":2},"end":{"line":19,"column":3}},"type":"if","locations":[{"start":{"line":17,"column":2},"end":{"line":19,"column":3}},{"start":{},"end":{}}],"line":17},"5":{"loc":{"start":{"line":21,"column":2},"end":{"line":23,"column":3}},"type":"if","locations":[{"start":{"line":21,"column":2},"end":{"line":23,"column":3}},{"start":{},"end":{}}],"line":21},"6":{"loc":{"start":{"line":25,"column":2},"end":{"line":27,"column":3}},"type":"if","locations":[{"start":{"line":25,"column":2},"end":{"line":27,"column":3}},{"start":{},"end":{}}],"line":25}},"s":{"0":34,"1":2,"2":32,"3":4,"4":28,"5":2,"6":26,"7":8,"8":18,"9":1,"10":17,"11":4,"12":13,"13":6},"f":{"0":34},"b":{"0":[2,32],"1":[34,33],"2":[4,28],"3":[2,26],"4":[8,18],"5":[1,17],"6":[4,13]},"_coverageSchema":"1a1c01bbd47fc00a2c39e90264f33305004495a9","hash":"1b5eb84f4915b4c65df884585b80bc31dfc964b3"}
,"C:\\Users\\rezao\\Documents\\hacktiv8\\p2\\IP-REZA\\server\\routers\\auth.js": {"path":"C:\\Users\\rezao\\Documents\\hacktiv8\\p2\\IP-REZA\\server\\routers\\auth.js","statementMap":{"0":{"start":{"line":1,"column":16},"end":{"line":1,"column":34}},"1":{"start":{"line":2,"column":23},"end":{"line":2,"column":63}},"2":{"start":{"line":3,"column":23},"end":{"line":3,"column":63}},"3":{"start":{"line":4,"column":13},"end":{"line":4,"column":29}},"4":{"start":{"line":6,"column":0},"end":{"line":6,"column":34}},"5":{"start":{"line":7,"column":0},"end":{"line":7,"column":47}},"6":{"start":{"line":8,"column":0},"end":{"line":8,"column":41}},"7":{"start":{"line":9,"column":0},"end":{"line":9,"column":54}},"8":{"start":{"line":10,"column":0},"end":{"line":10,"column":63}},"9":{"start":{"line":11,"column":0},"end":{"line":11,"column":66}},"10":{"start":{"line":12,"column":0},"end":{"line":12,"column":76}},"11":{"start":{"line":14,"column":0},"end":{"line":14,"column":21}}},"fnMap":{},"branchMap":{},"s":{"0":5,"1":5,"2":5,"3":5,"4":5,"5":5,"6":5,"7":5,"8":5,"9":5,"10":5,"11":5},"f":{},"b":{},"_coverageSchema":"1a1c01bbd47fc00a2c39e90264f33305004495a9","hash":"e0f0dda1822316922120d17b79578b0d09d1306d"}
,"C:\\Users\\rezao\\Documents\\hacktiv8\\p2\\IP-REZA\\server\\routers\\courses.js": {"path":"C:\\Users\\rezao\\Documents\\hacktiv8\\p2\\IP-REZA\\server\\routers\\courses.js","statementMap":{"0":{"start":{"line":1,"column":16},"end":{"line":1,"column":34}},"1":{"start":{"line":2,"column":25},"end":{"line":2,"column":67}},"2":{"start":{"line":3,"column":15},"end":{"line":3,"column":31}},"3":{"start":{"line":5,"column":0},"end":{"line":5,"column":48}},"4":{"start":{"line":6,"column":0},"end":{"line":6,"column":51}},"5":{"start":{"line":8,"column":0},"end":{"line":8,"column":24}}},"fnMap":{},"branchMap":{},"s":{"0":5,"1":5,"2":5,"3":5,"4":5,"5":5},"f":{},"b":{},"_coverageSchema":"1a1c01bbd47fc00a2c39e90264f33305004495a9","hash":"993a43532cbcef082ebf699a58e9f62cbd52df42"}
,"C:\\Users\\rezao\\Documents\\hacktiv8\\p2\\IP-REZA\\server\\routers\\gemini.js": {"path":"C:\\Users\\rezao\\Documents\\hacktiv8\\p2\\IP-REZA\\server\\routers\\gemini.js","statementMap":{"0":{"start":{"line":1,"column":16},"end":{"line":1,"column":34}},"1":{"start":{"line":2,"column":25},"end":{"line":2,"column":67}},"2":{"start":{"line":3,"column":15},"end":{"line":3,"column":31}},"3":{"start":{"line":5,"column":0},"end":{"line":5,"column":61}},"4":{"start":{"line":6,"column":0},"end":{"line":6,"column":61}},"5":{"start":{"line":7,"column":0},"end":{"line":7,"column":51}},"6":{"start":{"line":9,"column":0},"end":{"line":9,"column":24}}},"fnMap":{},"branchMap":{},"s":{"0":5,"1":5,"2":5,"3":5,"4":5,"5":5,"6":5},"f":{},"b":{},"_coverageSchema":"1a1c01bbd47fc00a2c39e90264f33305004495a9","hash":"a3dc34c973597ed4219791a4821262450fc831de"}
,"C:\\Users\\rezao\\Documents\\hacktiv8\\p2\\IP-REZA\\server\\routers\\index.js": {"path":"C:\\Users\\rezao\\Documents\\hacktiv8\\p2\\IP-REZA\\server\\routers\\index.js","statementMap":{"0":{"start":{"line":1,"column":16},"end":{"line":1,"column":34}},"1":{"start":{"line":2,"column":23},"end":{"line":2,"column":63}},"2":{"start":{"line":3,"column":15},"end":{"line":3,"column":31}},"3":{"start":{"line":5,"column":0},"end":{"line":5,"column":35}},"4":{"start":{"line":6,"column":0},"end":{"line":6,"column":45}},"5":{"start":{"line":7,"column":0},"end":{"line":7,"column":59}},"6":{"start":{"line":8,"column":0},"end":{"line":8,"column":43}},"7":{"start":{"line":10,"column":0},"end":{"line":10,"column":24}}},"fnMap":{},"branchMap":{},"s":{"0":5,"1":5,"2":5,"3":5,"4":5,"5":5,"6":5,"7":5},"f":{},"b":{},"_coverageSchema":"1a1c01bbd47fc00a2c39e90264f33305004495a9","hash":"ff3249ddb306e49e72906542da2f94919bf070eb"}
,"C:\\Users\\rezao\\Documents\\hacktiv8\\p2\\IP-REZA\\server\\routers\\orders.js": {"path":"C:\\Users\\rezao\\Documents\\hacktiv8\\p2\\IP-REZA\\server\\routers\\orders.js","statementMap":{"0":{"start":{"line":1,"column":16},"end":{"line":1,"column":34}},"1":{"start":{"line":2,"column":24},"end":{"line":2,"column":65}},"2":{"start":{"line":3,"column":15},"end":{"line":3,"column":31}},"3":{"start":{"line":6,"column":0},"end":{"line":6,"column":51}},"4":{"start":{"line":9,"column":0},"end":{"line":9,"column":65}},"5":{"start":{"line":12,"column":0},"end":{"line":12,"column":51}},"6":{"start":{"line":14,"column":0},"end":{"line":14,"column":24}}},"fnMap":{},"branchMap":{},"s":{"0":5,"1":5,"2":5,"3":5,"4":5,"5":5,"6":5},"f":{},"b":{},"_coverageSchema":"1a1c01bbd47fc00a2c39e90264f33305004495a9","hash":"bfc7bd04dbeb000707243e88c2948c8f5eacd8df"}
}
