TN:
SF:app.js
FNF:0
FNH:0
DA:1,6
DA:2,5
DA:5,6
DA:6,6
DA:7,6
DA:8,6
DA:10,6
DA:11,6
DA:12,6
DA:14,6
DA:16,6
DA:18,6
LF:12
LH:12
BRDA:1,0,0,5
BRDA:1,0,1,1
BRF:2
BRH:2
end_of_record
TN:
SF:controllers\CourseController.js
FN:5,(anonymous_0)
FN:47,(anonymous_1)
FNF:2
FNH:2
FNDA:6,(anonymous_0)
FNDA:2,(anonymous_1)
DA:1,6
DA:2,6
DA:6,6
DA:7,6
DA:8,6
DA:19,6
DA:20,1
DA:23,6
DA:24,2
DA:25,2
DA:26,2
DA:29,6
DA:30,1
DA:33,6
DA:35,6
DA:43,0
DA:48,2
DA:49,2
DA:51,2
DA:59,2
DA:60,1
DA:63,1
DA:65,1
DA:70,6
LF:24
LH:23
BRDA:7,0,0,5
BRDA:7,1,0,5
BRDA:19,2,0,1
BRDA:19,2,1,5
BRDA:23,3,0,2
BRDA:23,3,1,4
BRDA:24,4,0,1
BRDA:24,4,1,1
BRDA:25,5,0,1
BRDA:25,5,1,1
BRDA:29,6,0,1
BRDA:29,6,1,5
BRDA:59,7,0,1
BRDA:59,7,1,1
BRF:14
BRH:14
end_of_record
TN:
SF:controllers\GeminiController.js
FN:4,(anonymous_0)
FNF:1
FNH:1
FNDA:4,(anonymous_0)
DA:1,6
DA:5,4
DA:6,4
DA:8,4
DA:9,1
DA:12,3
DA:16,3
DA:18,2
DA:23,2
DA:28,6
LF:10
LH:10
BRDA:6,0,0,2
BRDA:8,1,0,1
BRDA:8,1,1,3
BRDA:12,2,0,3
BRDA:12,2,1,2
BRDA:12,3,0,3
BRDA:12,3,1,0
BRF:7
BRH:6
end_of_record
TN:
SF:controllers\OrderController.js
FN:4,(anonymous_0)
FNF:1
FNH:1
FNDA:4,(anonymous_0)
DA:1,6
DA:5,4
DA:6,4
DA:8,4
DA:9,4
DA:12,4
DA:13,1
DA:16,3
DA:18,3
DA:19,1
DA:22,2
DA:30,2
DA:37,2
DA:41,2
DA:53,2
DA:58,6
LF:16
LH:16
BRDA:8,0,0,4
BRDA:8,0,1,1
BRDA:8,0,2,1
BRDA:8,0,3,1
BRDA:9,1,0,4
BRDA:9,1,1,1
BRDA:9,1,2,1
BRDA:12,2,0,1
BRDA:12,2,1,3
BRDA:18,3,0,1
BRDA:18,3,1,2
BRF:11
BRH:11
end_of_record
TN:
SF:controllers\UserController.js
FN:6,(anonymous_0)
FN:10,(anonymous_1)
FN:22,(anonymous_2)
FN:56,(anonymous_3)
FNF:4
FNH:4
FNDA:3,(anonymous_0)
FNDA:3,(anonymous_1)
FNDA:5,(anonymous_2)
FNDA:1,(anonymous_3)
DA:1,6
DA:2,6
DA:3,6
DA:7,3
DA:11,3
DA:12,3
DA:13,1
DA:14,1
DA:16,1
DA:18,2
DA:23,5
DA:24,5
DA:26,5
DA:27,1
DA:30,4
DA:31,1
DA:34,3
DA:38,3
DA:39,1
DA:42,2
DA:44,2
DA:45,1
DA:48,1
DA:50,1
DA:52,4
DA:57,1
DA:58,1
DA:60,1
DA:61,1
DA:62,0
DA:65,1
DA:69,1
DA:71,0
DA:76,6
LF:34
LH:32
BRDA:26,0,0,1
BRDA:26,0,1,4
BRDA:30,1,0,1
BRDA:30,1,1,3
BRDA:38,2,0,1
BRDA:38,2,1,2
BRDA:44,3,0,1
BRDA:44,3,1,1
BRDA:61,4,0,0
BRDA:61,4,1,1
BRF:10
BRH:9
end_of_record
TN:
SF:helpers\bcrypt.js
FN:2,(anonymous_0)
FN:7,(anonymous_1)
FNF:2
FNH:2
FNDA:6,(anonymous_0)
FNDA:2,(anonymous_1)
DA:1,6
DA:2,6
DA:3,6
DA:4,6
DA:7,6
DA:8,2
DA:11,6
LF:7
LH:7
BRF:0
BRH:0
end_of_record
TN:
SF:helpers\gemini.js
FN:4,(anonymous_0)
FN:18,(anonymous_1)
FN:24,(anonymous_2)
FNF:3
FNH:3
FNDA:6,(anonymous_0)
FNDA:4,(anonymous_1)
FNDA:2,(anonymous_2)
DA:1,6
DA:4,6
DA:6,6
DA:8,6
DA:9,1
DA:13,5
DA:14,5
DA:18,6
DA:19,4
DA:20,4
DA:24,6
DA:25,2
DA:26,2
DA:27,2
DA:28,1
DA:30,1
DA:31,1
DA:35,6
LF:18
LH:18
BRDA:8,0,0,1
BRDA:8,0,1,5
BRDA:18,1,0,1
BRDA:24,2,0,2
BRF:4
BRH:4
end_of_record
TN:
SF:helpers\jwt.js
FN:4,signToken
FN:8,verifyToken
FNF:2
FNH:2
FNDA:4,signToken
FNDA:10,verifyToken
DA:1,6
DA:2,6
DA:5,4
DA:9,10
DA:12,6
LF:5
LH:5
BRF:0
BRH:0
end_of_record
TN:
SF:middlewares\authentication.js
FN:4,authentication
FNF:1
FNH:1
FNDA:13,authentication
DA:1,6
DA:2,6
DA:5,13
DA:6,13
DA:8,13
DA:9,3
DA:12,10
DA:13,10
DA:14,10
DA:16,10
DA:17,0
DA:20,10
DA:21,9
DA:23,9
DA:25,9
DA:26,0
DA:29,9
DA:30,9
DA:32,4
DA:36,6
LF:20
LH:18
BRDA:8,0,0,3
BRDA:8,0,1,10
BRDA:16,1,0,0
BRDA:16,1,1,10
BRDA:16,2,0,10
BRDA:16,2,1,10
BRDA:25,3,0,0
BRDA:25,3,1,9
BRF:8
BRH:6
end_of_record
TN:
SF:middlewares\errorHandler.js
FN:1,errorHandler
FNF:1
FNH:1
FNDA:15,errorHandler
DA:2,15
DA:6,2
DA:9,13
DA:10,4
DA:13,9
DA:14,1
DA:17,8
DA:18,5
DA:21,3
DA:22,0
DA:25,3
DA:26,2
DA:29,1
DA:32,6
LF:14
LH:13
BRDA:2,0,0,2
BRDA:2,0,1,13
BRDA:3,1,0,15
BRDA:3,1,1,14
BRDA:9,2,0,4
BRDA:9,2,1,9
BRDA:13,3,0,1
BRDA:13,3,1,8
BRDA:17,4,0,5
BRDA:17,4,1,3
BRDA:21,5,0,0
BRDA:21,5,1,3
BRDA:25,6,0,2
BRDA:25,6,1,1
BRF:14
BRH:13
end_of_record
TN:
SF:models\category.js
FN:3,(anonymous_0)
FN:5,(anonymous_1)
FNF:2
FNH:2
FNDA:6,(anonymous_0)
FNDA:6,(anonymous_1)
DA:2,6
DA:3,6
DA:6,6
DA:9,6
DA:41,6
LF:5
LH:5
BRF:0
BRH:0
end_of_record
TN:
SF:models\course.js
FN:3,(anonymous_0)
FN:5,(anonymous_1)
FN:10,(anonymous_2)
FN:162,(anonymous_3)
FNF:4
FNH:4
FNDA:6,(anonymous_0)
FNDA:6,(anonymous_1)
FNDA:1,(anonymous_2)
FNDA:5,(anonymous_3)
DA:2,6
DA:3,6
DA:6,6
DA:7,6
DA:8,6
DA:11,1
DA:17,6
DA:162,6
DA:164,5
DA:168,5
DA:170,6
LF:11
LH:11
BRDA:164,0,0,4
BRDA:164,0,1,1
BRF:2
BRH:2
end_of_record
TN:
SF:models\index.js
FN:21,(anonymous_0)
FN:29,(anonymous_1)
FN:34,(anonymous_2)
FNF:3
FNH:3
FNDA:42,(anonymous_0)
FNDA:36,(anonymous_1)
FNDA:36,(anonymous_2)
DA:3,6
DA:4,6
DA:5,6
DA:6,6
DA:7,6
DA:8,6
DA:9,6
DA:10,6
DA:13,6
DA:14,1
DA:16,5
DA:19,6
DA:22,42
DA:30,36
DA:31,36
DA:34,6
DA:35,36
DA:36,36
DA:40,6
DA:41,6
DA:43,6
LF:21
LH:21
BRDA:8,0,0,6
BRDA:8,0,1,0
BRDA:13,1,0,1
BRDA:13,1,1,5
BRDA:23,2,0,42
BRDA:23,2,1,42
BRDA:23,2,2,36
BRDA:23,2,3,36
BRDA:35,3,0,36
BRDA:35,3,1,0
BRF:10
BRH:8
end_of_record
TN:
SF:models\order.js
FN:3,(anonymous_0)
FN:5,(anonymous_1)
FNF:2
FNH:2
FNDA:6,(anonymous_0)
FNDA:6,(anonymous_1)
DA:2,6
DA:3,6
DA:6,6
DA:7,6
DA:10,6
DA:88,6
LF:6
LH:6
BRF:0
BRH:0
end_of_record
TN:
SF:models\orderdetail.js
FN:3,(anonymous_0)
FN:5,(anonymous_1)
FNF:2
FNH:2
FNDA:6,(anonymous_0)
FNDA:6,(anonymous_1)
DA:2,6
DA:3,6
DA:6,6
DA:7,6
DA:10,6
DA:84,6
LF:6
LH:6
BRF:0
BRH:0
end_of_record
TN:
SF:models\review.js
FN:3,(anonymous_0)
FN:5,(anonymous_1)
FNF:2
FNH:2
FNDA:6,(anonymous_0)
FNDA:6,(anonymous_1)
DA:2,6
DA:3,6
DA:6,6
DA:9,6
DA:60,6
LF:5
LH:5
BRF:0
BRH:0
end_of_record
TN:
SF:models\user.js
FN:4,(anonymous_0)
FN:6,(anonymous_1)
FN:87,(anonymous_2)
FNF:3
FNH:3
FNDA:6,(anonymous_0)
FNDA:6,(anonymous_1)
FNDA:5,(anonymous_2)
DA:2,6
DA:3,6
DA:4,6
DA:7,6
DA:10,6
DA:87,6
DA:88,5
DA:90,6
LF:8
LH:8
BRF:0
BRH:0
end_of_record
TN:
SF:routers\auth.js
FNF:0
FNH:0
DA:1,6
DA:2,6
DA:3,6
DA:4,6
DA:6,6
DA:7,6
DA:8,6
DA:9,6
DA:11,6
LF:9
LH:9
BRF:0
BRH:0
end_of_record
TN:
SF:routers\courses.js
FNF:0
FNH:0
DA:1,6
DA:2,6
DA:3,6
DA:5,6
DA:6,6
DA:8,6
LF:6
LH:6
BRF:0
BRH:0
end_of_record
TN:
SF:routers\gemini.js
FNF:0
FNH:0
DA:1,6
DA:2,6
DA:3,6
DA:5,6
DA:7,6
LF:5
LH:5
BRF:0
BRH:0
end_of_record
TN:
SF:routers\index.js
FNF:0
FNH:0
DA:1,6
DA:2,6
DA:3,6
DA:5,6
DA:6,6
DA:7,6
DA:8,6
DA:10,6
LF:8
LH:8
BRF:0
BRH:0
end_of_record
TN:
SF:routers\orders.js
FNF:0
FNH:0
DA:1,6
DA:2,6
DA:3,6
DA:5,6
DA:7,6
LF:5
LH:5
BRF:0
BRH:0
end_of_record
