TN:
SF:app.js
FNF:0
FNH:0
DA:1,5
DA:2,5
DA:5,5
DA:6,5
DA:7,5
DA:8,5
DA:10,5
DA:11,5
DA:12,5
DA:14,5
DA:16,5
DA:18,5
LF:12
LH:12
BRDA:1,0,0,5
BRDA:1,0,1,0
BRF:2
BRH:1
end_of_record
TN:
SF:controllers\CourseController.js
FN:5,(anonymous_0)
FN:47,(anonymous_1)
FNF:2
FNH:2
FNDA:13,(anonymous_0)
FNDA:5,(anonymous_1)
DA:1,6
DA:2,6
DA:6,13
DA:7,13
DA:8,13
DA:19,13
DA:20,2
DA:23,13
DA:24,4
DA:25,4
DA:26,4
DA:29,13
DA:30,2
DA:33,13
DA:35,6
DA:43,7
DA:48,5
DA:49,5
DA:51,5
DA:59,4
DA:60,3
DA:63,1
DA:65,4
DA:70,6
LF:24
LH:24
BRDA:7,0,0,11
BRDA:7,1,0,11
BRDA:19,2,0,2
BRDA:19,2,1,11
BRDA:23,3,0,4
BRDA:23,3,1,9
BRDA:24,4,0,2
BRDA:24,4,1,2
BRDA:25,5,0,2
BRDA:25,5,1,2
BRDA:29,6,0,2
BRDA:29,6,1,11
BRDA:59,7,0,3
BRDA:59,7,1,1
BRF:14
BRH:14
end_of_record
TN:
SF:controllers\GeminiController.js
FN:4,(anonymous_0)
FN:31,(anonymous_1)
FN:87,(anonymous_2)
FN:100,(anonymous_3)
FN:129,(anonymous_4)
FN:150,(anonymous_5)
FN:206,(anonymous_6)
FN:218,(anonymous_7)
FNF:8
FNH:6
FNDA:12,(anonymous_0)
FNDA:222,(anonymous_1)
FNDA:3,(anonymous_2)
FNDA:0,(anonymous_3)
FNDA:5,(anonymous_4)
FNDA:6,(anonymous_5)
FNDA:0,(anonymous_6)
FNDA:5,(anonymous_7)
DA:1,6
DA:5,12
DA:6,12
DA:8,12
DA:9,2
DA:16,10
DA:31,10
DA:32,222
DA:35,10
DA:36,1
DA:43,9
DA:44,9
DA:49,9
DA:51,9
DA:69,9
DA:73,7
DA:75,7
DA:76,7
DA:78,7
DA:81,3
DA:82,0
DA:87,3
DA:95,3
DA:96,3
DA:97,3
DA:100,3
DA:101,0
DA:102,0
DA:103,0
DA:107,3
DA:119,4
DA:125,2
DA:130,5
DA:131,5
DA:133,5
DA:134,1
DA:138,4
DA:141,4
DA:142,4
DA:144,4
DA:145,1
DA:149,3
DA:150,3
DA:152,6
DA:153,6
DA:155,6
DA:156,0
DA:159,6
DA:160,6
DA:162,6
DA:163,5
DA:166,6
DA:177,3
DA:180,3
DA:181,3
DA:182,2
DA:183,1
DA:184,0
DA:185,1
DA:186,1
DA:188,0
DA:191,3
DA:206,3
DA:207,0
DA:208,0
DA:209,0
DA:214,2
DA:219,5
DA:220,5
DA:222,5
DA:223,1
DA:227,4
DA:228,4
DA:230,4
DA:231,1
DA:234,3
DA:235,1
DA:238,2
DA:241,2
DA:256,1
DA:265,4
DA:270,6
LF:82
LH:72
BRDA:6,0,0,8
BRDA:6,1,0,7
BRDA:8,2,0,2
BRDA:8,2,1,10
BRDA:32,3,0,222
BRDA:32,3,1,213
BRDA:35,4,0,1
BRDA:35,4,1,9
BRDA:44,5,0,9
BRDA:44,5,1,0
BRDA:76,6,0,3
BRDA:76,6,1,4
BRDA:81,7,0,0
BRDA:81,7,1,3
BRDA:95,8,0,3
BRDA:95,8,1,0
BRDA:101,9,0,0
BRDA:101,9,1,0
BRDA:101,10,0,0
BRDA:101,10,1,0
BRDA:131,11,0,5
BRDA:131,11,1,0
BRDA:133,12,0,1
BRDA:133,12,1,4
BRDA:133,13,0,5
BRDA:133,13,1,4
BRDA:138,14,0,4
BRDA:138,14,1,0
BRDA:141,15,0,4
BRDA:141,15,1,0
BRDA:144,16,0,1
BRDA:144,16,1,3
BRDA:152,17,0,2
BRDA:152,17,1,4
BRDA:153,18,0,2
BRDA:153,18,1,4
BRDA:155,19,0,0
BRDA:155,19,1,6
BRDA:155,20,0,6
BRDA:155,20,1,6
BRDA:162,21,0,5
BRDA:162,21,1,1
BRDA:181,22,0,2
BRDA:181,22,1,1
BRDA:183,23,0,0
BRDA:183,23,1,1
BRDA:185,24,0,1
BRDA:185,24,1,0
BRDA:207,25,0,0
BRDA:207,25,1,0
BRDA:207,26,0,0
BRDA:207,26,1,0
BRDA:222,27,0,1
BRDA:222,27,1,4
BRDA:222,28,0,5
BRDA:222,28,1,4
BRDA:227,29,0,4
BRDA:227,29,1,0
BRDA:230,30,0,1
BRDA:230,30,1,3
BRDA:234,31,0,1
BRDA:234,31,1,2
BRDA:234,32,0,3
BRDA:234,32,1,2
BRF:64
BRH:46
end_of_record
TN:
SF:controllers\OrderController.js
FN:5,(anonymous_0)
FN:94,(anonymous_1)
FN:161,(anonymous_2)
FNF:3
FNH:3
FNDA:11,(anonymous_0)
FNDA:9,(anonymous_1)
FNDA:4,(anonymous_2)
DA:1,6
DA:2,6
DA:6,11
DA:7,11
DA:9,11
DA:10,11
DA:13,11
DA:14,2
DA:17,9
DA:19,9
DA:20,2
DA:23,7
DA:25,7
DA:26,1
DA:29,6
DA:37,6
DA:45,6
DA:62,6
DA:63,6
DA:66,4
DA:70,2
DA:71,2
DA:74,4
DA:90,7
DA:95,9
DA:96,9
DA:98,9
DA:99,9
DA:101,8
DA:102,8
DA:103,8
DA:106,8
DA:109,8
DA:113,8
DA:114,1
DA:120,7
DA:121,2
DA:122,1
DA:123,1
DA:124,1
DA:126,5
DA:127,1
DA:128,4
DA:131,3
DA:132,1
DA:133,1
DA:136,7
DA:139,7
DA:140,2
DA:144,2
DA:145,2
DA:146,2
DA:147,2
DA:154,7
DA:156,2
DA:157,2
DA:162,4
DA:163,4
DA:164,4
DA:171,3
DA:172,1
DA:176,2
DA:177,1
DA:180,1
DA:182,3
DA:187,6
LF:66
LH:66
BRDA:9,0,0,11
BRDA:9,0,1,5
BRDA:9,0,2,4
BRDA:9,0,3,3
BRDA:10,1,0,11
BRDA:10,1,1,7
BRDA:10,1,2,7
BRDA:13,2,0,2
BRDA:13,2,1,9
BRDA:19,3,0,2
BRDA:19,3,1,7
BRDA:25,4,0,1
BRDA:25,4,1,6
BRDA:113,5,0,1
BRDA:113,5,1,7
BRDA:120,6,0,2
BRDA:120,6,1,5
BRDA:121,7,0,1
BRDA:121,7,1,1
BRDA:123,8,0,1
BRDA:123,8,1,0
BRDA:126,9,0,1
BRDA:126,9,1,4
BRDA:128,10,0,3
BRDA:128,10,1,1
BRDA:128,11,0,4
BRDA:128,11,1,3
BRDA:128,11,2,2
BRDA:132,12,0,1
BRDA:132,12,1,0
BRDA:139,13,0,2
BRDA:139,13,1,5
BRDA:144,14,0,2
BRDA:144,14,1,0
BRDA:146,15,0,2
BRDA:146,15,1,0
BRDA:171,16,0,1
BRDA:171,16,1,2
BRDA:176,17,0,1
BRDA:176,17,1,1
BRF:40
BRH:36
end_of_record
TN:
SF:controllers\UserController.js
FN:7,(anonymous_0)
FN:11,(anonymous_1)
FN:23,(anonymous_2)
FN:57,(anonymous_3)
FN:98,(anonymous_4)
FN:117,(anonymous_5)
FN:137,(anonymous_6)
FNF:7
FNH:7
FNDA:3,(anonymous_0)
FNDA:5,(anonymous_1)
FNDA:10,(anonymous_2)
FNDA:5,(anonymous_3)
FNDA:3,(anonymous_4)
FNDA:2,(anonymous_5)
FNDA:2,(anonymous_6)
DA:1,6
DA:2,6
DA:3,6
DA:4,6
DA:8,3
DA:12,5
DA:13,5
DA:14,3
DA:15,1
DA:17,1
DA:19,4
DA:24,10
DA:25,10
DA:27,10
DA:28,2
DA:31,8
DA:32,2
DA:35,6
DA:39,6
DA:40,2
DA:43,4
DA:45,4
DA:46,2
DA:49,2
DA:51,2
DA:53,8
DA:58,5
DA:59,5
DA:61,5
DA:62,1
DA:66,4
DA:69,3
DA:73,3
DA:75,2
DA:85,3
DA:87,3
DA:94,2
DA:99,3
DA:100,3
DA:102,3
DA:103,3
DA:104,1
DA:107,2
DA:111,2
DA:113,1
DA:118,2
DA:119,2
DA:121,2
DA:127,2
DA:128,1
DA:131,1
DA:133,1
DA:138,2
DA:139,2
DA:140,2
DA:142,2
DA:144,2
DA:145,1
DA:148,1
DA:156,1
DA:161,1
DA:167,1
DA:172,1
DA:177,6
LF:64
LH:64
BRDA:27,0,0,2
BRDA:27,0,1,8
BRDA:31,1,0,2
BRDA:31,1,1,6
BRDA:39,2,0,2
BRDA:39,2,1,4
BRDA:45,3,0,2
BRDA:45,3,1,2
BRDA:61,4,0,1
BRDA:61,4,1,4
BRDA:73,5,0,2
BRDA:73,5,1,1
BRDA:103,6,0,1
BRDA:103,6,1,2
BRDA:127,7,0,1
BRDA:127,7,1,1
BRDA:144,8,0,1
BRDA:144,8,1,1
BRF:18
BRH:18
end_of_record
TN:
SF:helpers\bcrypt.js
FN:2,(anonymous_0)
FN:7,(anonymous_1)
FNF:2
FNH:2
FNDA:2,(anonymous_0)
FNDA:2,(anonymous_1)
DA:1,5
DA:2,5
DA:3,2
DA:4,2
DA:7,5
DA:8,2
DA:11,5
LF:7
LH:7
BRF:0
BRH:0
end_of_record
TN:
SF:helpers\gemini.js
FN:4,(anonymous_0)
FN:18,(anonymous_1)
FN:24,(anonymous_2)
FNF:3
FNH:3
FNDA:6,(anonymous_0)
FNDA:4,(anonymous_1)
FNDA:2,(anonymous_2)
DA:1,5
DA:4,5
DA:6,6
DA:8,6
DA:9,1
DA:13,5
DA:14,5
DA:18,5
DA:19,4
DA:20,4
DA:24,5
DA:25,2
DA:26,2
DA:27,2
DA:28,1
DA:30,1
DA:31,1
DA:35,5
LF:18
LH:18
BRDA:8,0,0,1
BRDA:8,0,1,5
BRDA:18,1,0,1
BRDA:24,2,0,2
BRF:4
BRH:4
end_of_record
TN:
SF:helpers\googleAuth.js
FN:6,verifyGoogleToken
FNF:1
FNH:1
FNDA:3,verifyGoogleToken
DA:1,7
DA:4,7
DA:7,3
DA:8,3
DA:13,1
DA:15,1
DA:21,2
DA:22,2
DA:26,7
LF:9
LH:9
BRF:0
BRH:0
end_of_record
TN:
SF:helpers\jwt.js
FN:4,signToken
FN:8,verifyToken
FNF:2
FNH:2
FNDA:6,signToken
FNDA:6,verifyToken
DA:1,5
DA:2,5
DA:5,6
DA:9,6
DA:12,5
LF:5
LH:5
BRF:0
BRH:0
end_of_record
TN:
SF:helpers\midtrans.js
FN:9,(anonymous_0)
FN:50,(anonymous_1)
FN:69,(anonymous_2)
FNF:3
FNH:3
FNDA:2,(anonymous_0)
FNDA:2,(anonymous_1)
FNDA:2,(anonymous_2)
DA:1,10
DA:4,10
DA:5,10
DA:6,10
DA:9,10
DA:10,2
DA:12,2
DA:20,2
DA:41,2
DA:42,2
DA:44,0
DA:45,0
DA:50,10
DA:51,2
DA:53,2
DA:60,2
DA:61,2
DA:63,0
DA:64,0
DA:69,10
DA:70,2
DA:72,2
DA:79,2
DA:82,2
DA:84,0
DA:85,0
DA:89,10
LF:27
LH:21
BRF:0
BRH:0
end_of_record
TN:
SF:middlewares\authentication.js
FN:4,authentication
FNF:1
FNH:1
FNDA:17,authentication
DA:1,6
DA:2,6
DA:5,17
DA:6,17
DA:8,17
DA:9,6
DA:12,11
DA:13,11
DA:14,11
DA:16,11
DA:17,2
DA:20,9
DA:21,7
DA:23,7
DA:24,1
DA:27,6
DA:28,6
DA:30,11
DA:34,6
LF:19
LH:19
BRDA:8,0,0,6
BRDA:8,0,1,11
BRDA:16,1,0,2
BRDA:16,1,1,9
BRDA:16,2,0,11
BRDA:16,2,1,10
BRDA:23,3,0,1
BRDA:23,3,1,6
BRF:8
BRH:8
end_of_record
TN:
SF:middlewares\errorHandler.js
FN:1,errorHandler
FNF:1
FNH:1
FNDA:34,errorHandler
DA:2,34
DA:6,2
DA:9,32
DA:10,4
DA:13,28
DA:14,2
DA:17,26
DA:18,8
DA:21,18
DA:22,1
DA:25,17
DA:26,4
DA:29,13
DA:32,6
LF:14
LH:14
BRDA:2,0,0,2
BRDA:2,0,1,32
BRDA:3,1,0,34
BRDA:3,1,1,33
BRDA:9,2,0,4
BRDA:9,2,1,28
BRDA:13,3,0,2
BRDA:13,3,1,26
BRDA:17,4,0,8
BRDA:17,4,1,18
BRDA:21,5,0,1
BRDA:21,5,1,17
BRDA:25,6,0,4
BRDA:25,6,1,13
BRF:14
BRH:14
end_of_record
TN:
SF:routers\auth.js
FNF:0
FNH:0
DA:1,5
DA:2,5
DA:3,5
DA:4,5
DA:6,5
DA:7,5
DA:8,5
DA:9,5
DA:10,5
DA:11,5
DA:12,5
DA:14,5
LF:12
LH:12
BRF:0
BRH:0
end_of_record
TN:
SF:routers\courses.js
FNF:0
FNH:0
DA:1,5
DA:2,5
DA:3,5
DA:5,5
DA:6,5
DA:8,5
LF:6
LH:6
BRF:0
BRH:0
end_of_record
TN:
SF:routers\gemini.js
FNF:0
FNH:0
DA:1,5
DA:2,5
DA:3,5
DA:5,5
DA:6,5
DA:7,5
DA:9,5
LF:7
LH:7
BRF:0
BRH:0
end_of_record
TN:
SF:routers\index.js
FNF:0
FNH:0
DA:1,5
DA:2,5
DA:3,5
DA:5,5
DA:6,5
DA:7,5
DA:8,5
DA:10,5
LF:8
LH:8
BRF:0
BRH:0
end_of_record
TN:
SF:routers\orders.js
FNF:0
FNH:0
DA:1,5
DA:2,5
DA:3,5
DA:6,5
DA:9,5
DA:12,5
DA:14,5
LF:7
LH:7
BRF:0
BRH:0
end_of_record
